{"/workspace/apps/web/src/router.tsx": {"path":"/workspace/apps/web/src/router.tsx","all":true,"statementMap":{"0":{"start":{"line":1,"column":0},"end":{"line":1,"column":65}},"1":{"start":{"line":2,"column":0},"end":{"line":2,"column":39}},"2":{"start":{"line":3,"column":0},"end":{"line":3,"column":48}},"3":{"start":{"line":4,"column":0},"end":{"line":4,"column":54}},"4":{"start":{"line":5,"column":0},"end":{"line":5,"column":55}},"5":{"start":{"line":6,"column":0},"end":{"line":6,"column":55}},"6":{"start":{"line":7,"column":0},"end":{"line":7,"column":66}},"9":{"start":{"line":10,"column":0},"end":{"line":10,"column":64}},"10":{"start":{"line":11,"column":0},"end":{"line":11,"column":68}},"11":{"start":{"line":12,"column":0},"end":{"line":12,"column":60}},"12":{"start":{"line":13,"column":0},"end":{"line":13,"column":64}},"13":{"start":{"line":14,"column":0},"end":{"line":14,"column":60}},"14":{"start":{"line":15,"column":0},"end":{"line":15,"column":62}},"15":{"start":{"line":16,"column":0},"end":{"line":16,"column":72}},"16":{"start":{"line":17,"column":0},"end":{"line":17,"column":54}},"17":{"start":{"line":18,"column":0},"end":{"line":18,"column":60}},"18":{"start":{"line":19,"column":0},"end":{"line":19,"column":58}},"19":{"start":{"line":20,"column":0},"end":{"line":20,"column":64}},"21":{"start":{"line":22,"column":0},"end":{"line":22,"column":34}},"23":{"start":{"line":24,"column":0},"end":{"line":24,"column":49}},"24":{"start":{"line":25,"column":0},"end":{"line":25,"column":14}},"25":{"start":{"line":26,"column":0},"end":{"line":26,"column":77}},"26":{"start":{"line":27,"column":0},"end":{"line":27,"column":57}},"27":{"start":{"line":28,"column":0},"end":{"line":28,"column":3}},"28":{"start":{"line":29,"column":0},"end":{"line":29,"column":64}},"29":{"start":{"line":30,"column":0},"end":{"line":30,"column":2}},"31":{"start":{"line":32,"column":0},"end":{"line":32,"column":61}},"32":{"start":{"line":33,"column":0},"end":{"line":33,"column":23}},"33":{"start":{"line":34,"column":0},"end":{"line":34,"column":5}},"34":{"start":{"line":35,"column":0},"end":{"line":35,"column":16}},"35":{"start":{"line":36,"column":0},"end":{"line":36,"column":29}},"36":{"start":{"line":37,"column":0},"end":{"line":37,"column":17}},"37":{"start":{"line":38,"column":0},"end":{"line":38,"column":65}},"38":{"start":{"line":39,"column":0},"end":{"line":39,"column":76}},"39":{"start":{"line":40,"column":0},"end":{"line":40,"column":70}},"40":{"start":{"line":41,"column":0},"end":{"line":41,"column":66}},"41":{"start":{"line":42,"column":0},"end":{"line":42,"column":9}},"42":{"start":{"line":43,"column":0},"end":{"line":43,"column":26}},"43":{"start":{"line":44,"column":0},"end":{"line":44,"column":76}},"44":{"start":{"line":45,"column":0},"end":{"line":45,"column":10}},"45":{"start":{"line":46,"column":0},"end":{"line":46,"column":9}},"46":{"start":{"line":47,"column":0},"end":{"line":47,"column":24}},"47":{"start":{"line":48,"column":0},"end":{"line":48,"column":81}},"48":{"start":{"line":49,"column":0},"end":{"line":49,"column":10}},"49":{"start":{"line":50,"column":0},"end":{"line":50,"column":9}},"50":{"start":{"line":51,"column":0},"end":{"line":51,"column":22}},"51":{"start":{"line":52,"column":0},"end":{"line":52,"column":72}},"52":{"start":{"line":53,"column":0},"end":{"line":53,"column":10}},"53":{"start":{"line":54,"column":0},"end":{"line":54,"column":9}},"54":{"start":{"line":55,"column":0},"end":{"line":55,"column":25}},"55":{"start":{"line":56,"column":0},"end":{"line":56,"column":75}},"56":{"start":{"line":57,"column":0},"end":{"line":57,"column":10}},"57":{"start":{"line":58,"column":0},"end":{"line":58,"column":8}},"58":{"start":{"line":59,"column":0},"end":{"line":59,"column":6}},"60":{"start":{"line":61,"column":0},"end":{"line":61,"column":5}},"61":{"start":{"line":62,"column":0},"end":{"line":62,"column":40}},"62":{"start":{"line":63,"column":0},"end":{"line":63,"column":32}},"63":{"start":{"line":64,"column":0},"end":{"line":64,"column":73}},"64":{"start":{"line":65,"column":0},"end":{"line":65,"column":6}},"65":{"start":{"line":66,"column":0},"end":{"line":66,"column":57}},"66":{"start":{"line":67,"column":0},"end":{"line":67,"column":60}},"67":{"start":{"line":68,"column":0},"end":{"line":68,"column":57}},"68":{"start":{"line":69,"column":0},"end":{"line":69,"column":3}},"71":{"start":{"line":72,"column":0},"end":{"line":72,"column":20}}},"s":{"0":0,"1":0,"2":0,"3":0,"4":0,"5":0,"6":0,"9":0,"10":0,"11":0,"12":0,"13":0,"14":0,"15":0,"16":0,"17":0,"18":0,"19":0,"21":0,"23":0,"24":0,"25":0,"26":0,"27":0,"28":0,"29":0,"31":0,"32":0,"33":0,"34":0,"35":0,"36":0,"37":0,"38":0,"39":0,"40":0,"41":0,"42":0,"43":0,"44":0,"45":0,"46":0,"47":0,"48":0,"49":0,"50":0,"51":0,"52":0,"53":0,"54":0,"55":0,"56":0,"57":0,"58":0,"60":0,"61":0,"62":0,"63":0,"64":0,"65":0,"66":0,"67":0,"68":0,"71":0},"branchMap":{"0":{"type":"branch","line":1,"loc":{"start":{"line":1,"column":2795},"end":{"line":72,"column":20}},"locations":[{"start":{"line":1,"column":2795},"end":{"line":72,"column":20}}]}},"b":{"0":[0]},"fnMap":{"0":{"name":"(empty-report)","decl":{"start":{"line":1,"column":2795},"end":{"line":72,"column":20}},"loc":{"start":{"line":1,"column":2795},"end":{"line":72,"column":20}},"line":1}},"f":{"0":0}}
,"/workspace/apps/web/src/sw-register.ts": {"path":"/workspace/apps/web/src/sw-register.ts","all":true,"statementMap":{"6":{"start":{"line":7,"column":0},"end":{"line":7,"column":45}},"9":{"start":{"line":10,"column":0},"end":{"line":10,"column":61}},"11":{"start":{"line":12,"column":0},"end":{"line":12,"column":26}},"13":{"start":{"line":14,"column":0},"end":{"line":14,"column":47}},"14":{"start":{"line":15,"column":0},"end":{"line":15,"column":44}},"15":{"start":{"line":16,"column":0},"end":{"line":16,"column":46}},"17":{"start":{"line":18,"column":0},"end":{"line":18,"column":34}},"19":{"start":{"line":20,"column":0},"end":{"line":20,"column":41}},"20":{"start":{"line":21,"column":0},"end":{"line":21,"column":27}},"21":{"start":{"line":22,"column":0},"end":{"line":22,"column":41}},"22":{"start":{"line":23,"column":0},"end":{"line":23,"column":31}},"23":{"start":{"line":24,"column":0},"end":{"line":24,"column":39}},"25":{"start":{"line":26,"column":0},"end":{"line":26,"column":51}},"26":{"start":{"line":27,"column":0},"end":{"line":27,"column":8}},"27":{"start":{"line":28,"column":0},"end":{"line":28,"column":23}},"29":{"start":{"line":30,"column":0},"end":{"line":30,"column":50}},"30":{"start":{"line":31,"column":0},"end":{"line":31,"column":9}},"31":{"start":{"line":32,"column":0},"end":{"line":32,"column":5}},"32":{"start":{"line":33,"column":0},"end":{"line":33,"column":1}},"34":{"start":{"line":35,"column":0},"end":{"line":35,"column":74}},"35":{"start":{"line":36,"column":0},"end":{"line":36,"column":54}},"36":{"start":{"line":37,"column":0},"end":{"line":37,"column":46}},"37":{"start":{"line":38,"column":0},"end":{"line":38,"column":27}},"38":{"start":{"line":39,"column":0},"end":{"line":39,"column":53}},"39":{"start":{"line":40,"column":0},"end":{"line":40,"column":50}},"40":{"start":{"line":41,"column":0},"end":{"line":41,"column":47}},"42":{"start":{"line":43,"column":0},"end":{"line":43,"column":70}},"43":{"start":{"line":44,"column":0},"end":{"line":44,"column":14}},"45":{"start":{"line":46,"column":0},"end":{"line":46,"column":56}},"46":{"start":{"line":47,"column":0},"end":{"line":47,"column":7}},"47":{"start":{"line":48,"column":0},"end":{"line":48,"column":7}},"48":{"start":{"line":49,"column":0},"end":{"line":49,"column":5}},"51":{"start":{"line":52,"column":0},"end":{"line":52,"column":70}},"52":{"start":{"line":53,"column":0},"end":{"line":53,"column":48}},"53":{"start":{"line":54,"column":0},"end":{"line":54,"column":5}},"54":{"start":{"line":55,"column":0},"end":{"line":55,"column":1}},"57":{"start":{"line":58,"column":0},"end":{"line":58,"column":37}},"58":{"start":{"line":59,"column":0},"end":{"line":59,"column":23}},"59":{"start":{"line":60,"column":0},"end":{"line":60,"column":57}},"60":{"start":{"line":61,"column":0},"end":{"line":61,"column":19}},"61":{"start":{"line":62,"column":0},"end":{"line":62,"column":53}},"62":{"start":{"line":63,"column":0},"end":{"line":63,"column":10}},"63":{"start":{"line":64,"column":0},"end":{"line":64,"column":29}},"64":{"start":{"line":65,"column":0},"end":{"line":65,"column":3}},"65":{"start":{"line":66,"column":0},"end":{"line":66,"column":1}}},"s":{"6":0,"9":0,"11":0,"13":0,"14":0,"15":0,"17":0,"19":0,"20":0,"21":0,"22":0,"23":0,"25":0,"26":0,"27":0,"29":0,"30":0,"31":0,"32":0,"34":0,"35":0,"36":0,"37":0,"38":0,"39":0,"40":0,"42":0,"43":0,"45":0,"46":0,"47":0,"48":0,"51":0,"52":0,"53":0,"54":0,"57":0,"58":0,"59":0,"60":0,"61":0,"62":0,"63":0,"64":0,"65":0},"branchMap":{"0":{"type":"branch","line":1,"loc":{"start":{"line":1,"column":2012},"end":{"line":66,"column":1}},"locations":[{"start":{"line":1,"column":2012},"end":{"line":66,"column":1}}]}},"b":{"0":[1]},"fnMap":{"0":{"name":"(empty-report)","decl":{"start":{"line":1,"column":2012},"end":{"line":66,"column":1}},"loc":{"start":{"line":1,"column":2012},"end":{"line":66,"column":1}},"line":1}},"f":{"0":1}}
,"/workspace/apps/web/src/vite-env.d.ts": {"path":"/workspace/apps/web/src/vite-env.d.ts","all":true,"statementMap":{},"s":{},"branchMap":{"0":{"type":"branch","line":1,"loc":{"start":{"line":1,"column":37},"end":{"line":1,"column":37}},"locations":[{"start":{"line":1,"column":37},"end":{"line":1,"column":37}}]}},"b":{"0":[1]},"fnMap":{"0":{"name":"(empty-report)","decl":{"start":{"line":1,"column":37},"end":{"line":1,"column":37}},"loc":{"start":{"line":1,"column":37},"end":{"line":1,"column":37}},"line":1}},"f":{"0":1}}
,"/workspace/apps/web/src/api/errorMap.ts": {"path":"/workspace/apps/web/src/api/errorMap.ts","all":false,"statementMap":{"0":{"start":{"line":1,"column":0},"end":{"line":1,"column":43}},"1":{"start":{"line":2,"column":0},"end":{"line":2,"column":12}},"2":{"start":{"line":3,"column":0},"end":{"line":3,"column":20}},"3":{"start":{"line":4,"column":0},"end":{"line":4,"column":23}},"4":{"start":{"line":5,"column":0},"end":{"line":5,"column":24}},"5":{"start":{"line":6,"column":0},"end":{"line":6,"column":20}},"6":{"start":{"line":7,"column":0},"end":{"line":7,"column":17}},"7":{"start":{"line":8,"column":0},"end":{"line":8,"column":22}},"8":{"start":{"line":9,"column":0},"end":{"line":9,"column":17}},"9":{"start":{"line":10,"column":0},"end":{"line":10,"column":19}},"10":{"start":{"line":11,"column":0},"end":{"line":11,"column":21}},"11":{"start":{"line":12,"column":0},"end":{"line":12,"column":19}},"12":{"start":{"line":13,"column":0},"end":{"line":13,"column":18}},"13":{"start":{"line":14,"column":0},"end":{"line":14,"column":16}},"14":{"start":{"line":15,"column":0},"end":{"line":15,"column":20}},"15":{"start":{"line":16,"column":0},"end":{"line":16,"column":17}},"16":{"start":{"line":17,"column":0},"end":{"line":17,"column":16}},"17":{"start":{"line":18,"column":0},"end":{"line":18,"column":18}},"18":{"start":{"line":19,"column":0},"end":{"line":19,"column":20}},"19":{"start":{"line":20,"column":0},"end":{"line":20,"column":24}},"20":{"start":{"line":21,"column":0},"end":{"line":21,"column":16}},"21":{"start":{"line":22,"column":0},"end":{"line":22,"column":17}},"22":{"start":{"line":23,"column":0},"end":{"line":23,"column":24}},"23":{"start":{"line":24,"column":0},"end":{"line":24,"column":2}},"25":{"start":{"line":26,"column":0},"end":{"line":26,"column":72}},"26":{"start":{"line":27,"column":0},"end":{"line":27,"column":56}},"27":{"start":{"line":28,"column":0},"end":{"line":28,"column":1}}},"s":{"0":1,"1":1,"2":1,"3":1,"4":1,"5":1,"6":1,"7":1,"8":1,"9":1,"10":1,"11":1,"12":1,"13":1,"14":1,"15":1,"16":1,"17":1,"18":1,"19":1,"20":1,"21":1,"22":1,"23":1,"25":1,"26":2,"27":2},"branchMap":{"0":{"type":"branch","line":26,"loc":{"start":{"line":26,"column":7},"end":{"line":28,"column":1}},"locations":[{"start":{"line":26,"column":7},"end":{"line":28,"column":1}}]},"1":{"type":"branch","line":27,"loc":{"start":{"line":27,"column":28},"end":{"line":27,"column":56}},"locations":[{"start":{"line":27,"column":28},"end":{"line":27,"column":56}}]}},"b":{"0":[2],"1":[0]},"fnMap":{"0":{"name":"getBizMessage","decl":{"start":{"line":26,"column":7},"end":{"line":28,"column":1}},"loc":{"start":{"line":26,"column":7},"end":{"line":28,"column":1}},"line":26}},"f":{"0":2}}
,"/workspace/apps/web/src/api/fetcher.ts": {"path":"/workspace/apps/web/src/api/fetcher.ts","all":false,"statementMap":{"4":{"start":{"line":5,"column":0},"end":{"line":5,"column":40}},"57":{"start":{"line":58,"column":0},"end":{"line":58,"column":63}},"58":{"start":{"line":59,"column":0},"end":{"line":59,"column":18}},"59":{"start":{"line":60,"column":0},"end":{"line":60,"column":1}},"61":{"start":{"line":62,"column":0},"end":{"line":62,"column":20}},"62":{"start":{"line":63,"column":0},"end":{"line":63,"column":13}},"63":{"start":{"line":64,"column":0},"end":{"line":64,"column":16}},"64":{"start":{"line":65,"column":0},"end":{"line":65,"column":15}},"65":{"start":{"line":66,"column":0},"end":{"line":66,"column":19}},"66":{"start":{"line":67,"column":0},"end":{"line":67,"column":19}},"67":{"start":{"line":68,"column":0},"end":{"line":68,"column":76}},"68":{"start":{"line":69,"column":0},"end":{"line":69,"column":1}},"70":{"start":{"line":71,"column":0},"end":{"line":71,"column":24}},"72":{"start":{"line":73,"column":0},"end":{"line":73,"column":9}},"73":{"start":{"line":74,"column":0},"end":{"line":74,"column":53}},"74":{"start":{"line":75,"column":0},"end":{"line":75,"column":24}},"79":{"start":{"line":80,"column":0},"end":{"line":80,"column":48}},"80":{"start":{"line":81,"column":0},"end":{"line":81,"column":6}},"81":{"start":{"line":82,"column":0},"end":{"line":82,"column":75}},"82":{"start":{"line":83,"column":0},"end":{"line":83,"column":24}},"87":{"start":{"line":88,"column":0},"end":{"line":88,"column":77}},"88":{"start":{"line":89,"column":0},"end":{"line":89,"column":6}},"89":{"start":{"line":90,"column":0},"end":{"line":90,"column":41}},"90":{"start":{"line":91,"column":0},"end":{"line":91,"column":24}},"95":{"start":{"line":96,"column":0},"end":{"line":96,"column":44}},"96":{"start":{"line":97,"column":0},"end":{"line":97,"column":6}},"97":{"start":{"line":98,"column":0},"end":{"line":98,"column":41}},"98":{"start":{"line":99,"column":0},"end":{"line":99,"column":79}},"99":{"start":{"line":100,"column":0},"end":{"line":100,"column":6}},"100":{"start":{"line":101,"column":0},"end":{"line":101,"column":19}},"101":{"start":{"line":102,"column":0},"end":{"line":102,"column":23}},"106":{"start":{"line":107,"column":0},"end":{"line":107,"column":21}},"107":{"start":{"line":108,"column":0},"end":{"line":108,"column":6}},"108":{"start":{"line":109,"column":0},"end":{"line":109,"column":4}},"110":{"start":{"line":111,"column":0},"end":{"line":111,"column":50}},"111":{"start":{"line":112,"column":0},"end":{"line":112,"column":33}},"118":{"start":{"line":119,"column":0},"end":{"line":119,"column":26}},"119":{"start":{"line":120,"column":0},"end":{"line":120,"column":12}},"120":{"start":{"line":121,"column":0},"end":{"line":121,"column":28}},"121":{"start":{"line":122,"column":0},"end":{"line":122,"column":30}},"122":{"start":{"line":123,"column":0},"end":{"line":123,"column":32}},"123":{"start":{"line":124,"column":0},"end":{"line":124,"column":55}},"124":{"start":{"line":125,"column":0},"end":{"line":125,"column":34}},"125":{"start":{"line":126,"column":0},"end":{"line":126,"column":35}},"126":{"start":{"line":127,"column":0},"end":{"line":127,"column":59}},"127":{"start":{"line":128,"column":0},"end":{"line":128,"column":12}},"128":{"start":{"line":129,"column":0},"end":{"line":129,"column":35}},"129":{"start":{"line":130,"column":0},"end":{"line":130,"column":11}},"130":{"start":{"line":131,"column":0},"end":{"line":131,"column":36}},"131":{"start":{"line":132,"column":0},"end":{"line":132,"column":6}},"132":{"start":{"line":133,"column":0},"end":{"line":133,"column":4}},"134":{"start":{"line":135,"column":0},"end":{"line":135,"column":41}},"135":{"start":{"line":136,"column":0},"end":{"line":136,"column":42}},"136":{"start":{"line":137,"column":0},"end":{"line":137,"column":4}},"138":{"start":{"line":139,"column":0},"end":{"line":139,"column":47}},"139":{"start":{"line":140,"column":0},"end":{"line":140,"column":64}},"140":{"start":{"line":141,"column":0},"end":{"line":141,"column":4}},"142":{"start":{"line":143,"column":0},"end":{"line":143,"column":55}},"143":{"start":{"line":144,"column":0},"end":{"line":144,"column":73}},"144":{"start":{"line":145,"column":0},"end":{"line":145,"column":4}},"146":{"start":{"line":147,"column":0},"end":{"line":147,"column":50}},"147":{"start":{"line":148,"column":0},"end":{"line":148,"column":74}},"148":{"start":{"line":149,"column":0},"end":{"line":149,"column":16}},"149":{"start":{"line":150,"column":0},"end":{"line":150,"column":7}},"150":{"start":{"line":151,"column":0},"end":{"line":151,"column":36}},"151":{"start":{"line":152,"column":0},"end":{"line":152,"column":4}},"153":{"start":{"line":154,"column":0},"end":{"line":154,"column":19}},"154":{"start":{"line":155,"column":0},"end":{"line":155,"column":46}},"155":{"start":{"line":156,"column":0},"end":{"line":156,"column":29}},"156":{"start":{"line":157,"column":0},"end":{"line":157,"column":67}},"157":{"start":{"line":158,"column":0},"end":{"line":158,"column":16}},"158":{"start":{"line":159,"column":0},"end":{"line":159,"column":7}},"159":{"start":{"line":160,"column":0},"end":{"line":160,"column":36}},"160":{"start":{"line":161,"column":0},"end":{"line":161,"column":4}},"162":{"start":{"line":163,"column":0},"end":{"line":163,"column":46}},"163":{"start":{"line":164,"column":0},"end":{"line":164,"column":47}},"164":{"start":{"line":165,"column":0},"end":{"line":165,"column":4}},"167":{"start":{"line":168,"column":0},"end":{"line":168,"column":62}},"168":{"start":{"line":169,"column":0},"end":{"line":169,"column":9}},"169":{"start":{"line":170,"column":0},"end":{"line":170,"column":61}},"170":{"start":{"line":171,"column":0},"end":{"line":171,"column":19}},"171":{"start":{"line":172,"column":0},"end":{"line":172,"column":47}},"172":{"start":{"line":173,"column":0},"end":{"line":173,"column":16}},"173":{"start":{"line":174,"column":0},"end":{"line":174,"column":5}},"174":{"start":{"line":175,"column":0},"end":{"line":175,"column":4}},"176":{"start":{"line":177,"column":0},"end":{"line":177,"column":64}},"177":{"start":{"line":178,"column":0},"end":{"line":178,"column":52}},"178":{"start":{"line":179,"column":0},"end":{"line":179,"column":34}},"179":{"start":{"line":180,"column":0},"end":{"line":180,"column":6}},"180":{"start":{"line":181,"column":0},"end":{"line":181,"column":39}},"181":{"start":{"line":182,"column":0},"end":{"line":182,"column":4}},"183":{"start":{"line":184,"column":0},"end":{"line":184,"column":19}},"184":{"start":{"line":185,"column":0},"end":{"line":185,"column":19}},"185":{"start":{"line":186,"column":0},"end":{"line":186,"column":22}},"186":{"start":{"line":187,"column":0},"end":{"line":187,"column":37}},"187":{"start":{"line":188,"column":0},"end":{"line":188,"column":9}},"188":{"start":{"line":189,"column":0},"end":{"line":189,"column":44}},"189":{"start":{"line":190,"column":0},"end":{"line":190,"column":49}},"190":{"start":{"line":191,"column":0},"end":{"line":191,"column":8}},"191":{"start":{"line":192,"column":0},"end":{"line":192,"column":19}},"192":{"start":{"line":193,"column":0},"end":{"line":193,"column":36}},"194":{"start":{"line":195,"column":0},"end":{"line":195,"column":20}},"195":{"start":{"line":196,"column":0},"end":{"line":196,"column":7}},"196":{"start":{"line":197,"column":0},"end":{"line":197,"column":16}},"197":{"start":{"line":198,"column":0},"end":{"line":198,"column":5}},"198":{"start":{"line":199,"column":0},"end":{"line":199,"column":4}},"200":{"start":{"line":201,"column":0},"end":{"line":201,"column":65}},"201":{"start":{"line":202,"column":0},"end":{"line":202,"column":77}},"202":{"start":{"line":203,"column":0},"end":{"line":203,"column":4}},"204":{"start":{"line":205,"column":0},"end":{"line":205,"column":57}},"205":{"start":{"line":206,"column":0},"end":{"line":206,"column":75}},"206":{"start":{"line":207,"column":0},"end":{"line":207,"column":4}},"208":{"start":{"line":209,"column":0},"end":{"line":209,"column":76}},"209":{"start":{"line":210,"column":0},"end":{"line":210,"column":80}},"210":{"start":{"line":211,"column":0},"end":{"line":211,"column":4}},"212":{"start":{"line":213,"column":0},"end":{"line":213,"column":22}},"213":{"start":{"line":214,"column":0},"end":{"line":214,"column":19}},"218":{"start":{"line":219,"column":0},"end":{"line":219,"column":6}},"219":{"start":{"line":220,"column":0},"end":{"line":220,"column":21}},"223":{"start":{"line":224,"column":0},"end":{"line":224,"column":34}},"224":{"start":{"line":225,"column":0},"end":{"line":225,"column":4}},"227":{"start":{"line":228,"column":0},"end":{"line":228,"column":35}},"228":{"start":{"line":229,"column":0},"end":{"line":229,"column":36}},"229":{"start":{"line":230,"column":0},"end":{"line":230,"column":4}},"231":{"start":{"line":232,"column":0},"end":{"line":232,"column":34}},"238":{"start":{"line":239,"column":0},"end":{"line":239,"column":41}},"239":{"start":{"line":240,"column":0},"end":{"line":240,"column":11}},"240":{"start":{"line":241,"column":0},"end":{"line":241,"column":15}},"241":{"start":{"line":242,"column":0},"end":{"line":242,"column":16}},"242":{"start":{"line":243,"column":0},"end":{"line":243,"column":19}},"243":{"start":{"line":244,"column":0},"end":{"line":244,"column":13}},"244":{"start":{"line":245,"column":0},"end":{"line":245,"column":15}},"245":{"start":{"line":246,"column":0},"end":{"line":246,"column":20}},"246":{"start":{"line":247,"column":0},"end":{"line":247,"column":15}},"248":{"start":{"line":249,"column":0},"end":{"line":249,"column":69}},"249":{"start":{"line":250,"column":0},"end":{"line":250,"column":15}},"250":{"start":{"line":251,"column":0},"end":{"line":251,"column":11}},"251":{"start":{"line":252,"column":0},"end":{"line":252,"column":13}},"252":{"start":{"line":253,"column":0},"end":{"line":253,"column":57}},"253":{"start":{"line":254,"column":0},"end":{"line":254,"column":11}},"254":{"start":{"line":255,"column":0},"end":{"line":255,"column":26}},"255":{"start":{"line":256,"column":0},"end":{"line":256,"column":7}},"256":{"start":{"line":257,"column":0},"end":{"line":257,"column":16}},"257":{"start":{"line":258,"column":0},"end":{"line":258,"column":4}},"260":{"start":{"line":261,"column":0},"end":{"line":261,"column":73}},"261":{"start":{"line":262,"column":0},"end":{"line":262,"column":35}},"262":{"start":{"line":263,"column":0},"end":{"line":263,"column":64}},"263":{"start":{"line":264,"column":0},"end":{"line":264,"column":30}},"264":{"start":{"line":265,"column":0},"end":{"line":265,"column":7}},"265":{"start":{"line":266,"column":0},"end":{"line":266,"column":4}},"267":{"start":{"line":268,"column":0},"end":{"line":268,"column":20}},"268":{"start":{"line":269,"column":0},"end":{"line":269,"column":20}},"269":{"start":{"line":270,"column":0},"end":{"line":270,"column":13}},"270":{"start":{"line":271,"column":0},"end":{"line":271,"column":18}},"271":{"start":{"line":272,"column":0},"end":{"line":272,"column":40}},"272":{"start":{"line":273,"column":0},"end":{"line":273,"column":63}},"273":{"start":{"line":274,"column":0},"end":{"line":274,"column":64}},"274":{"start":{"line":275,"column":0},"end":{"line":275,"column":30}},"275":{"start":{"line":276,"column":0},"end":{"line":276,"column":11}},"276":{"start":{"line":277,"column":0},"end":{"line":277,"column":26}},"277":{"start":{"line":278,"column":0},"end":{"line":278,"column":7}},"278":{"start":{"line":279,"column":0},"end":{"line":279,"column":4}},"280":{"start":{"line":281,"column":0},"end":{"line":281,"column":45}},"281":{"start":{"line":282,"column":0},"end":{"line":282,"column":60}},"282":{"start":{"line":283,"column":0},"end":{"line":283,"column":4}},"285":{"start":{"line":286,"column":0},"end":{"line":286,"column":48}},"286":{"start":{"line":287,"column":0},"end":{"line":287,"column":40}},"287":{"start":{"line":288,"column":0},"end":{"line":288,"column":4}},"289":{"start":{"line":290,"column":0},"end":{"line":290,"column":32}},"292":{"start":{"line":293,"column":0},"end":{"line":293,"column":28}},"293":{"start":{"line":294,"column":0},"end":{"line":294,"column":57}},"294":{"start":{"line":295,"column":0},"end":{"line":295,"column":4}},"296":{"start":{"line":297,"column":0},"end":{"line":297,"column":21}},"297":{"start":{"line":298,"column":0},"end":{"line":298,"column":53}},"298":{"start":{"line":299,"column":0},"end":{"line":299,"column":29}},"299":{"start":{"line":300,"column":0},"end":{"line":300,"column":68}},"300":{"start":{"line":301,"column":0},"end":{"line":301,"column":16}},"301":{"start":{"line":302,"column":0},"end":{"line":302,"column":7}},"302":{"start":{"line":303,"column":0},"end":{"line":303,"column":36}},"303":{"start":{"line":304,"column":0},"end":{"line":304,"column":4}},"305":{"start":{"line":306,"column":0},"end":{"line":306,"column":60}},"306":{"start":{"line":307,"column":0},"end":{"line":307,"column":80}},"307":{"start":{"line":308,"column":0},"end":{"line":308,"column":4}},"309":{"start":{"line":310,"column":0},"end":{"line":310,"column":45}},"310":{"start":{"line":311,"column":0},"end":{"line":311,"column":62}},"311":{"start":{"line":312,"column":0},"end":{"line":312,"column":4}},"313":{"start":{"line":314,"column":0},"end":{"line":314,"column":53}},"314":{"start":{"line":315,"column":0},"end":{"line":315,"column":66}},"315":{"start":{"line":316,"column":0},"end":{"line":316,"column":4}},"318":{"start":{"line":319,"column":0},"end":{"line":319,"column":20}},"319":{"start":{"line":320,"column":0},"end":{"line":320,"column":46}},"320":{"start":{"line":321,"column":0},"end":{"line":321,"column":26}},"321":{"start":{"line":322,"column":0},"end":{"line":322,"column":68}},"322":{"start":{"line":323,"column":0},"end":{"line":323,"column":4}},"324":{"start":{"line":325,"column":0},"end":{"line":325,"column":56}},"325":{"start":{"line":326,"column":0},"end":{"line":326,"column":72}},"326":{"start":{"line":327,"column":0},"end":{"line":327,"column":4}},"328":{"start":{"line":329,"column":0},"end":{"line":329,"column":39}},"329":{"start":{"line":330,"column":0},"end":{"line":330,"column":55}},"330":{"start":{"line":331,"column":0},"end":{"line":331,"column":4}},"332":{"start":{"line":333,"column":0},"end":{"line":333,"column":75}},"333":{"start":{"line":334,"column":0},"end":{"line":334,"column":69}},"334":{"start":{"line":335,"column":0},"end":{"line":335,"column":29}},"335":{"start":{"line":336,"column":0},"end":{"line":336,"column":40}},"336":{"start":{"line":337,"column":0},"end":{"line":337,"column":78}},"337":{"start":{"line":338,"column":0},"end":{"line":338,"column":4}},"339":{"start":{"line":340,"column":0},"end":{"line":340,"column":64}},"340":{"start":{"line":341,"column":0},"end":{"line":341,"column":63}},"341":{"start":{"line":342,"column":0},"end":{"line":342,"column":4}},"343":{"start":{"line":344,"column":0},"end":{"line":344,"column":46}},"344":{"start":{"line":345,"column":0},"end":{"line":345,"column":71}},"345":{"start":{"line":346,"column":0},"end":{"line":346,"column":4}},"347":{"start":{"line":348,"column":0},"end":{"line":348,"column":53}},"348":{"start":{"line":349,"column":0},"end":{"line":349,"column":63}},"349":{"start":{"line":350,"column":0},"end":{"line":350,"column":4}},"351":{"start":{"line":352,"column":0},"end":{"line":352,"column":39}},"352":{"start":{"line":353,"column":0},"end":{"line":353,"column":43}},"353":{"start":{"line":354,"column":0},"end":{"line":354,"column":4}},"355":{"start":{"line":356,"column":0},"end":{"line":356,"column":43}},"356":{"start":{"line":357,"column":0},"end":{"line":357,"column":45}},"357":{"start":{"line":358,"column":0},"end":{"line":358,"column":4}},"359":{"start":{"line":360,"column":0},"end":{"line":360,"column":59}},"360":{"start":{"line":361,"column":0},"end":{"line":361,"column":61}},"361":{"start":{"line":362,"column":0},"end":{"line":362,"column":4}},"362":{"start":{"line":363,"column":0},"end":{"line":363,"column":88}},"363":{"start":{"line":364,"column":0},"end":{"line":364,"column":53}},"364":{"start":{"line":365,"column":0},"end":{"line":365,"column":13}},"365":{"start":{"line":366,"column":0},"end":{"line":366,"column":20}},"366":{"start":{"line":367,"column":0},"end":{"line":367,"column":7}},"367":{"start":{"line":368,"column":0},"end":{"line":368,"column":4}},"369":{"start":{"line":370,"column":0},"end":{"line":370,"column":48}},"370":{"start":{"line":371,"column":0},"end":{"line":371,"column":49}},"371":{"start":{"line":372,"column":0},"end":{"line":372,"column":4}},"373":{"start":{"line":374,"column":0},"end":{"line":374,"column":61}},"374":{"start":{"line":375,"column":0},"end":{"line":375,"column":71}},"375":{"start":{"line":376,"column":0},"end":{"line":376,"column":4}},"378":{"start":{"line":379,"column":0},"end":{"line":379,"column":55}},"379":{"start":{"line":380,"column":0},"end":{"line":380,"column":47}},"380":{"start":{"line":381,"column":0},"end":{"line":381,"column":4}},"382":{"start":{"line":383,"column":0},"end":{"line":383,"column":60}},"383":{"start":{"line":384,"column":0},"end":{"line":384,"column":46}},"384":{"start":{"line":385,"column":0},"end":{"line":385,"column":4}},"386":{"start":{"line":387,"column":0},"end":{"line":387,"column":40}},"391":{"start":{"line":392,"column":0},"end":{"line":392,"column":21}},"392":{"start":{"line":393,"column":0},"end":{"line":393,"column":66}},"393":{"start":{"line":394,"column":0},"end":{"line":394,"column":56}},"394":{"start":{"line":395,"column":0},"end":{"line":395,"column":53}},"395":{"start":{"line":396,"column":0},"end":{"line":396,"column":28}},"396":{"start":{"line":397,"column":0},"end":{"line":397,"column":34}},"397":{"start":{"line":398,"column":0},"end":{"line":398,"column":14}},"398":{"start":{"line":399,"column":0},"end":{"line":399,"column":7}},"399":{"start":{"line":400,"column":0},"end":{"line":400,"column":4}},"401":{"start":{"line":402,"column":0},"end":{"line":402,"column":22}},"402":{"start":{"line":403,"column":0},"end":{"line":403,"column":19}},"403":{"start":{"line":404,"column":0},"end":{"line":404,"column":20}},"404":{"start":{"line":405,"column":0},"end":{"line":405,"column":20}},"405":{"start":{"line":406,"column":0},"end":{"line":406,"column":20}},"406":{"start":{"line":407,"column":0},"end":{"line":407,"column":50}},"407":{"start":{"line":408,"column":0},"end":{"line":408,"column":14}},"408":{"start":{"line":409,"column":0},"end":{"line":409,"column":26}},"409":{"start":{"line":410,"column":0},"end":{"line":410,"column":7}},"410":{"start":{"line":411,"column":0},"end":{"line":411,"column":4}},"412":{"start":{"line":413,"column":0},"end":{"line":413,"column":55}},"413":{"start":{"line":414,"column":0},"end":{"line":414,"column":51}},"414":{"start":{"line":415,"column":0},"end":{"line":415,"column":4}},"416":{"start":{"line":417,"column":0},"end":{"line":417,"column":21}},"417":{"start":{"line":418,"column":0},"end":{"line":418,"column":19}},"418":{"start":{"line":419,"column":0},"end":{"line":419,"column":41}},"419":{"start":{"line":420,"column":0},"end":{"line":420,"column":19}},"420":{"start":{"line":421,"column":0},"end":{"line":421,"column":20}},"421":{"start":{"line":422,"column":0},"end":{"line":422,"column":66}},"422":{"start":{"line":423,"column":0},"end":{"line":423,"column":4}},"424":{"start":{"line":425,"column":0},"end":{"line":425,"column":69}},"425":{"start":{"line":426,"column":0},"end":{"line":426,"column":59}},"426":{"start":{"line":427,"column":0},"end":{"line":427,"column":4}},"429":{"start":{"line":430,"column":0},"end":{"line":430,"column":28}},"437":{"start":{"line":438,"column":0},"end":{"line":438,"column":31}},"438":{"start":{"line":439,"column":0},"end":{"line":439,"column":51}},"439":{"start":{"line":440,"column":0},"end":{"line":440,"column":40}},"440":{"start":{"line":441,"column":0},"end":{"line":441,"column":45}},"441":{"start":{"line":442,"column":0},"end":{"line":442,"column":24}},"442":{"start":{"line":443,"column":0},"end":{"line":443,"column":42}},"443":{"start":{"line":444,"column":0},"end":{"line":444,"column":50}},"444":{"start":{"line":445,"column":0},"end":{"line":445,"column":44}},"445":{"start":{"line":446,"column":0},"end":{"line":446,"column":40}},"446":{"start":{"line":447,"column":0},"end":{"line":447,"column":7}},"447":{"start":{"line":448,"column":0},"end":{"line":448,"column":4}},"449":{"start":{"line":450,"column":0},"end":{"line":450,"column":44}},"457":{"start":{"line":458,"column":0},"end":{"line":458,"column":5}},"458":{"start":{"line":459,"column":0},"end":{"line":459,"column":78}},"459":{"start":{"line":460,"column":0},"end":{"line":460,"column":4}},"461":{"start":{"line":462,"column":0},"end":{"line":462,"column":51}},"462":{"start":{"line":463,"column":0},"end":{"line":463,"column":42}},"463":{"start":{"line":464,"column":0},"end":{"line":464,"column":4}},"464":{"start":{"line":465,"column":0},"end":{"line":465,"column":2}}},"s":{"4":1,"57":0,"58":0,"59":0,"61":0,"62":0,"63":0,"64":0,"65":0,"66":0,"67":0,"68":0,"70":1,"72":1,"73":1,"74":0,"79":0,"80":0,"81":1,"82":0,"87":0,"88":0,"89":1,"90":0,"95":0,"96":0,"97":1,"98":1,"99":1,"100":1,"101":0,"106":0,"107":0,"108":1,"110":1,"111":0,"118":0,"119":0,"120":0,"121":0,"122":0,"123":0,"124":0,"125":0,"126":0,"127":0,"128":0,"129":0,"130":0,"131":0,"132":0,"134":1,"135":0,"136":0,"138":1,"139":0,"140":0,"142":1,"143":0,"144":0,"146":1,"147":0,"148":0,"149":0,"150":0,"151":0,"153":1,"154":0,"155":0,"156":0,"157":0,"158":0,"159":0,"160":0,"162":1,"163":0,"164":0,"167":1,"168":0,"169":0,"170":0,"171":0,"172":0,"173":0,"174":0,"176":1,"177":0,"178":0,"179":0,"180":0,"181":0,"183":1,"184":0,"185":0,"186":0,"187":0,"188":0,"189":0,"190":0,"191":0,"192":0,"194":0,"195":0,"196":0,"197":0,"198":0,"200":1,"201":0,"202":0,"204":1,"205":0,"206":0,"208":1,"209":0,"210":0,"212":1,"213":0,"218":0,"219":0,"223":0,"224":0,"227":1,"228":0,"229":0,"231":1,"238":0,"239":0,"240":0,"241":0,"242":0,"243":0,"244":0,"245":0,"246":0,"248":0,"249":0,"250":0,"251":0,"252":0,"253":0,"254":0,"255":0,"256":0,"257":0,"260":1,"261":0,"262":0,"263":0,"264":0,"265":0,"267":1,"268":0,"269":0,"270":0,"271":0,"272":0,"273":0,"274":0,"275":0,"276":0,"277":0,"278":0,"280":1,"281":0,"282":0,"285":1,"286":0,"287":0,"289":1,"292":0,"293":0,"294":0,"296":1,"297":0,"298":0,"299":0,"300":0,"301":0,"302":0,"303":0,"305":1,"306":0,"307":0,"309":1,"310":0,"311":0,"313":1,"314":0,"315":0,"318":1,"319":0,"320":0,"321":0,"322":0,"324":1,"325":0,"326":0,"328":1,"329":0,"330":0,"332":1,"333":0,"334":0,"335":0,"336":0,"337":0,"339":1,"340":0,"341":0,"343":1,"344":0,"345":0,"347":1,"348":0,"349":0,"351":1,"352":0,"353":0,"355":1,"356":0,"357":0,"359":1,"360":0,"361":0,"362":1,"363":0,"364":0,"365":0,"366":0,"367":0,"369":1,"370":0,"371":0,"373":1,"374":0,"375":0,"378":1,"379":0,"380":0,"382":1,"383":0,"384":0,"386":1,"391":0,"392":0,"393":0,"394":0,"395":0,"396":0,"397":0,"398":0,"399":0,"401":1,"402":0,"403":0,"404":0,"405":0,"406":0,"407":0,"408":0,"409":0,"410":0,"412":1,"413":0,"414":0,"416":1,"417":0,"418":0,"419":0,"420":0,"421":0,"422":0,"424":1,"425":0,"426":0,"429":1,"437":0,"438":0,"439":0,"440":0,"441":0,"442":0,"443":0,"444":0,"445":0,"446":0,"447":0,"449":1,"457":0,"458":0,"459":0,"461":1,"462":0,"463":0,"464":1},"branchMap":{"0":{"type":"branch","line":98,"loc":{"start":{"line":98,"column":4},"end":{"line":100,"column":6}},"locations":[{"start":{"line":98,"column":4},"end":{"line":100,"column":6}}]}},"b":{"0":[1]},"fnMap":{"0":{"name":"toChapterSummary","decl":{"start":{"line":58,"column":0},"end":{"line":60,"column":1}},"loc":{"start":{"line":58,"column":0},"end":{"line":60,"column":1}},"line":58},"1":{"name":"toPaged","decl":{"start":{"line":62,"column":0},"end":{"line":69,"column":1}},"loc":{"start":{"line":62,"column":0},"end":{"line":69,"column":1}},"line":62},"2":{"name":"login","decl":{"start":{"line":74,"column":4},"end":{"line":81,"column":6}},"loc":{"start":{"line":74,"column":4},"end":{"line":81,"column":6}},"line":74},"3":{"name":"register","decl":{"start":{"line":82,"column":4},"end":{"line":89,"column":6}},"loc":{"start":{"line":82,"column":4},"end":{"line":89,"column":6}},"line":82},"4":{"name":"refresh","decl":{"start":{"line":90,"column":4},"end":{"line":97,"column":6}},"loc":{"start":{"line":90,"column":4},"end":{"line":97,"column":6}},"line":90},"5":{"name":"logout","decl":{"start":{"line":98,"column":4},"end":{"line":100,"column":6}},"loc":{"start":{"line":98,"column":4},"end":{"line":100,"column":6}},"line":98},"6":{"name":"getMe","decl":{"start":{"line":101,"column":4},"end":{"line":108,"column":6}},"loc":{"start":{"line":101,"column":4},"end":{"line":108,"column":6}},"line":101},"7":{"name":"getDiscoverHome","decl":{"start":{"line":111,"column":2},"end":{"line":133,"column":4}},"loc":{"start":{"line":111,"column":2},"end":{"line":133,"column":4}},"line":111},"8":{"name":"getBanners","decl":{"start":{"line":135,"column":2},"end":{"line":137,"column":4}},"loc":{"start":{"line":135,"column":2},"end":{"line":137,"column":4}},"line":135},"9":{"name":"getHotBooks","decl":{"start":{"line":139,"column":2},"end":{"line":141,"column":4}},"loc":{"start":{"line":139,"column":2},"end":{"line":141,"column":4}},"line":139},"10":{"name":"getFreeLimitedBooks","decl":{"start":{"line":143,"column":2},"end":{"line":145,"column":4}},"loc":{"start":{"line":143,"column":2},"end":{"line":145,"column":4}},"line":143},"11":{"name":"getEditorPicks","decl":{"start":{"line":147,"column":2},"end":{"line":152,"column":4}},"loc":{"start":{"line":147,"column":2},"end":{"line":152,"column":4}},"line":147},"12":{"name":"getRanking","decl":{"start":{"line":154,"column":2},"end":{"line":161,"column":4}},"loc":{"start":{"line":154,"column":2},"end":{"line":161,"column":4}},"line":154},"13":{"name":"getCategories","decl":{"start":{"line":163,"column":2},"end":{"line":165,"column":4}},"loc":{"start":{"line":163,"column":2},"end":{"line":165,"column":4}},"line":163},"14":{"name":"getBook","decl":{"start":{"line":168,"column":2},"end":{"line":175,"column":4}},"loc":{"start":{"line":168,"column":2},"end":{"line":175,"column":4}},"line":168},"15":{"name":"getChapters","decl":{"start":{"line":177,"column":2},"end":{"line":182,"column":4}},"loc":{"start":{"line":177,"column":2},"end":{"line":182,"column":4}},"line":177},"16":{"name":"getChapter","decl":{"start":{"line":184,"column":2},"end":{"line":199,"column":4}},"loc":{"start":{"line":184,"column":2},"end":{"line":199,"column":4}},"line":184},"17":{"name":"getRelatedBooks","decl":{"start":{"line":201,"column":2},"end":{"line":203,"column":4}},"loc":{"start":{"line":201,"column":2},"end":{"line":203,"column":4}},"line":201},"18":{"name":"getComments","decl":{"start":{"line":205,"column":2},"end":{"line":207,"column":4}},"loc":{"start":{"line":205,"column":2},"end":{"line":207,"column":4}},"line":205},"19":{"name":"getRatingDistribution","decl":{"start":{"line":209,"column":2},"end":{"line":211,"column":4}},"loc":{"start":{"line":209,"column":2},"end":{"line":211,"column":4}},"line":209},"20":{"name":"getBookDetail","decl":{"start":{"line":213,"column":2},"end":{"line":225,"column":4}},"loc":{"start":{"line":213,"column":2},"end":{"line":225,"column":4}},"line":213},"21":{"name":"getTags","decl":{"start":{"line":228,"column":2},"end":{"line":230,"column":4}},"loc":{"start":{"line":228,"column":2},"end":{"line":230,"column":4}},"line":228},"22":{"name":"getCategoryBooks","decl":{"start":{"line":232,"column":2},"end":{"line":258,"column":4}},"loc":{"start":{"line":232,"column":2},"end":{"line":258,"column":4}},"line":232},"23":{"name":"searchSuggestions","decl":{"start":{"line":261,"column":2},"end":{"line":266,"column":4}},"loc":{"start":{"line":261,"column":2},"end":{"line":266,"column":4}},"line":261},"24":{"name":"searchBooks","decl":{"start":{"line":268,"column":2},"end":{"line":279,"column":4}},"loc":{"start":{"line":268,"column":2},"end":{"line":279,"column":4}},"line":268},"25":{"name":"getHotSearches","decl":{"start":{"line":281,"column":2},"end":{"line":283,"column":4}},"loc":{"start":{"line":281,"column":2},"end":{"line":283,"column":4}},"line":281},"26":{"name":"getCurrentUser","decl":{"start":{"line":286,"column":2},"end":{"line":288,"column":4}},"loc":{"start":{"line":286,"column":2},"end":{"line":288,"column":4}},"line":286},"27":{"name":"updateProfile","decl":{"start":{"line":290,"column":2},"end":{"line":295,"column":4}},"loc":{"start":{"line":290,"column":2},"end":{"line":295,"column":4}},"line":290},"28":{"name":"getBookshelf","decl":{"start":{"line":297,"column":2},"end":{"line":304,"column":4}},"loc":{"start":{"line":297,"column":2},"end":{"line":304,"column":4}},"line":297},"29":{"name":"getReadingHistory","decl":{"start":{"line":306,"column":2},"end":{"line":308,"column":4}},"loc":{"start":{"line":306,"column":2},"end":{"line":308,"column":4}},"line":306},"30":{"name":"getBookLists","decl":{"start":{"line":310,"column":2},"end":{"line":312,"column":4}},"loc":{"start":{"line":310,"column":2},"end":{"line":312,"column":4}},"line":310},"31":{"name":"getRewardRecords","decl":{"start":{"line":314,"column":2},"end":{"line":316,"column":4}},"loc":{"start":{"line":314,"column":2},"end":{"line":316,"column":4}},"line":314},"32":{"name":"getRankings","decl":{"start":{"line":319,"column":2},"end":{"line":323,"column":4}},"loc":{"start":{"line":319,"column":2},"end":{"line":323,"column":4}},"line":319},"33":{"name":"getRecommendations","decl":{"start":{"line":325,"column":2},"end":{"line":327,"column":4}},"loc":{"start":{"line":325,"column":2},"end":{"line":327,"column":4}},"line":325},"34":{"name":"getTopics","decl":{"start":{"line":329,"column":2},"end":{"line":331,"column":4}},"loc":{"start":{"line":329,"column":2},"end":{"line":331,"column":4}},"line":329},"35":{"name":"getReviews","decl":{"start":{"line":333,"column":2},"end":{"line":338,"column":4}},"loc":{"start":{"line":333,"column":2},"end":{"line":338,"column":4}},"line":333},"36":{"name":"getReadingStatOverview","decl":{"start":{"line":340,"column":2},"end":{"line":342,"column":4}},"loc":{"start":{"line":340,"column":2},"end":{"line":342,"column":4}},"line":340},"37":{"name":"getHeatmap","decl":{"start":{"line":344,"column":2},"end":{"line":346,"column":4}},"loc":{"start":{"line":344,"column":2},"end":{"line":346,"column":4}},"line":344},"38":{"name":"getPreferences","decl":{"start":{"line":348,"column":2},"end":{"line":350,"column":4}},"loc":{"start":{"line":348,"column":2},"end":{"line":350,"column":4}},"line":348},"39":{"name":"getBadges","decl":{"start":{"line":352,"column":2},"end":{"line":354,"column":4}},"loc":{"start":{"line":352,"column":2},"end":{"line":354,"column":4}},"line":352},"40":{"name":"getVipPlans","decl":{"start":{"line":356,"column":2},"end":{"line":358,"column":4}},"loc":{"start":{"line":356,"column":2},"end":{"line":358,"column":4}},"line":356},"41":{"name":"getPaymentMethods","decl":{"start":{"line":360,"column":2},"end":{"line":362,"column":4}},"loc":{"start":{"line":360,"column":2},"end":{"line":362,"column":4}},"line":360},"42":{"name":"createVipOrder","decl":{"start":{"line":363,"column":2},"end":{"line":368,"column":4}},"loc":{"start":{"line":363,"column":2},"end":{"line":368,"column":4}},"line":363},"43":{"name":"getFollowList","decl":{"start":{"line":370,"column":2},"end":{"line":372,"column":4}},"loc":{"start":{"line":370,"column":2},"end":{"line":372,"column":4}},"line":370},"44":{"name":"readAllFollows","decl":{"start":{"line":374,"column":2},"end":{"line":376,"column":4}},"loc":{"start":{"line":374,"column":2},"end":{"line":376,"column":4}},"line":374},"45":{"name":"addToBookshelf","decl":{"start":{"line":379,"column":2},"end":{"line":381,"column":4}},"loc":{"start":{"line":379,"column":2},"end":{"line":381,"column":4}},"line":379},"46":{"name":"removeFromBookshelf","decl":{"start":{"line":383,"column":2},"end":{"line":385,"column":4}},"loc":{"start":{"line":383,"column":2},"end":{"line":385,"column":4}},"line":383},"47":{"name":"reportReadingProgress","decl":{"start":{"line":387,"column":2},"end":{"line":400,"column":4}},"loc":{"start":{"line":387,"column":2},"end":{"line":400,"column":4}},"line":387},"48":{"name":"createComment","decl":{"start":{"line":402,"column":2},"end":{"line":411,"column":4}},"loc":{"start":{"line":402,"column":2},"end":{"line":411,"column":4}},"line":402},"49":{"name":"likeComment","decl":{"start":{"line":413,"column":2},"end":{"line":415,"column":4}},"loc":{"start":{"line":413,"column":2},"end":{"line":415,"column":4}},"line":413},"50":{"name":"createReward","decl":{"start":{"line":417,"column":2},"end":{"line":423,"column":4}},"loc":{"start":{"line":417,"column":2},"end":{"line":423,"column":4}},"line":417},"51":{"name":"submitRating","decl":{"start":{"line":425,"column":2},"end":{"line":427,"column":4}},"loc":{"start":{"line":425,"column":2},"end":{"line":427,"column":4}},"line":425},"52":{"name":"createNote","decl":{"start":{"line":430,"column":2},"end":{"line":448,"column":4}},"loc":{"start":{"line":430,"column":2},"end":{"line":448,"column":4}},"line":430},"53":{"name":"getNotes","decl":{"start":{"line":450,"column":2},"end":{"line":460,"column":4}},"loc":{"start":{"line":450,"column":2},"end":{"line":460,"column":4}},"line":450},"54":{"name":"deleteNote","decl":{"start":{"line":462,"column":2},"end":{"line":464,"column":4}},"loc":{"start":{"line":462,"column":2},"end":{"line":464,"column":4}},"line":462}},"f":{"0":0,"1":0,"2":0,"3":0,"4":0,"5":1,"6":0,"7":0,"8":0,"9":0,"10":0,"11":0,"12":0,"13":0,"14":0,"15":0,"16":0,"17":0,"18":0,"19":0,"20":0,"21":0,"22":0,"23":0,"24":0,"25":0,"26":0,"27":0,"28":0,"29":0,"30":0,"31":0,"32":0,"33":0,"34":0,"35":0,"36":0,"37":0,"38":0,"39":0,"40":0,"41":0,"42":0,"43":0,"44":0,"45":0,"46":0,"47":0,"48":0,"49":0,"50":0,"51":0,"52":0,"53":0,"54":0}}
,"/workspace/apps/web/src/api/http.ts": {"path":"/workspace/apps/web/src/api/http.ts","all":false,"statementMap":{"0":{"start":{"line":1,"column":0},"end":{"line":1,"column":45}},"1":{"start":{"line":2,"column":0},"end":{"line":2,"column":50}},"2":{"start":{"line":3,"column":0},"end":{"line":3,"column":47}},"4":{"start":{"line":5,"column":0},"end":{"line":5,"column":31}},"14":{"start":{"line":15,"column":0},"end":{"line":15,"column":38}},"15":{"start":{"line":16,"column":0},"end":{"line":16,"column":41}},"17":{"start":{"line":18,"column":0},"end":{"line":18,"column":36}},"18":{"start":{"line":19,"column":0},"end":{"line":19,"column":7}},"19":{"start":{"line":20,"column":0},"end":{"line":20,"column":47}},"20":{"start":{"line":21,"column":0},"end":{"line":21,"column":51}},"21":{"start":{"line":22,"column":0},"end":{"line":22,"column":25}},"22":{"start":{"line":23,"column":0},"end":{"line":23,"column":70}},"23":{"start":{"line":24,"column":0},"end":{"line":24,"column":23}},"24":{"start":{"line":25,"column":0},"end":{"line":25,"column":11}},"25":{"start":{"line":26,"column":0},"end":{"line":26,"column":16}},"26":{"start":{"line":27,"column":0},"end":{"line":27,"column":3}},"27":{"start":{"line":28,"column":0},"end":{"line":28,"column":1}},"29":{"start":{"line":30,"column":0},"end":{"line":30,"column":37}},"30":{"start":{"line":31,"column":0},"end":{"line":31,"column":15}},"31":{"start":{"line":32,"column":0},"end":{"line":32,"column":26}},"33":{"start":{"line":34,"column":0},"end":{"line":34,"column":71}},"34":{"start":{"line":35,"column":0},"end":{"line":35,"column":19}},"35":{"start":{"line":36,"column":0},"end":{"line":36,"column":27}},"36":{"start":{"line":37,"column":0},"end":{"line":37,"column":21}},"37":{"start":{"line":38,"column":0},"end":{"line":38,"column":27}},"38":{"start":{"line":39,"column":0},"end":{"line":39,"column":3}},"39":{"start":{"line":40,"column":0},"end":{"line":40,"column":1}},"41":{"start":{"line":42,"column":0},"end":{"line":42,"column":66}},"43":{"start":{"line":44,"column":0},"end":{"line":44,"column":70}},"44":{"start":{"line":45,"column":0},"end":{"line":45,"column":25}},"47":{"start":{"line":48,"column":0},"end":{"line":48,"column":52}},"50":{"start":{"line":51,"column":0},"end":{"line":51,"column":36}},"51":{"start":{"line":52,"column":0},"end":{"line":52,"column":16}},"52":{"start":{"line":53,"column":0},"end":{"line":53,"column":18}},"53":{"start":{"line":54,"column":0},"end":{"line":54,"column":1}},"55":{"start":{"line":56,"column":0},"end":{"line":56,"column":46}},"56":{"start":{"line":57,"column":0},"end":{"line":57,"column":31}},"57":{"start":{"line":58,"column":0},"end":{"line":58,"column":26}},"58":{"start":{"line":59,"column":0},"end":{"line":59,"column":37}},"59":{"start":{"line":60,"column":0},"end":{"line":60,"column":22}},"60":{"start":{"line":61,"column":0},"end":{"line":61,"column":16}},"61":{"start":{"line":62,"column":0},"end":{"line":62,"column":3}},"62":{"start":{"line":63,"column":0},"end":{"line":63,"column":25}},"63":{"start":{"line":64,"column":0},"end":{"line":64,"column":1}},"65":{"start":{"line":66,"column":0},"end":{"line":66,"column":50}},"66":{"start":{"line":67,"column":0},"end":{"line":67,"column":62}},"67":{"start":{"line":68,"column":0},"end":{"line":68,"column":1}},"70":{"start":{"line":71,"column":0},"end":{"line":71,"column":32}},"71":{"start":{"line":72,"column":0},"end":{"line":72,"column":14}},"72":{"start":{"line":73,"column":0},"end":{"line":73,"column":20}},"73":{"start":{"line":74,"column":0},"end":{"line":74,"column":20}},"74":{"start":{"line":75,"column":0},"end":{"line":75,"column":22}},"75":{"start":{"line":76,"column":0},"end":{"line":76,"column":43}},"76":{"start":{"line":77,"column":0},"end":{"line":77,"column":61}},"77":{"start":{"line":78,"column":0},"end":{"line":78,"column":7}},"78":{"start":{"line":79,"column":0},"end":{"line":79,"column":68}},"79":{"start":{"line":80,"column":0},"end":{"line":80,"column":13}},"80":{"start":{"line":81,"column":0},"end":{"line":81,"column":21}},"81":{"start":{"line":82,"column":0},"end":{"line":82,"column":3}},"82":{"start":{"line":83,"column":0},"end":{"line":83,"column":1}},"85":{"start":{"line":86,"column":0},"end":{"line":86,"column":30}},"86":{"start":{"line":87,"column":0},"end":{"line":87,"column":14}},"87":{"start":{"line":88,"column":0},"end":{"line":88,"column":20}},"88":{"start":{"line":89,"column":0},"end":{"line":89,"column":19}},"89":{"start":{"line":90,"column":0},"end":{"line":90,"column":20}},"90":{"start":{"line":91,"column":0},"end":{"line":91,"column":22}},"91":{"start":{"line":92,"column":0},"end":{"line":92,"column":23}},"92":{"start":{"line":93,"column":0},"end":{"line":93,"column":57}},"93":{"start":{"line":94,"column":0},"end":{"line":94,"column":9}},"94":{"start":{"line":95,"column":0},"end":{"line":95,"column":58}},"95":{"start":{"line":96,"column":0},"end":{"line":96,"column":19}},"96":{"start":{"line":97,"column":0},"end":{"line":97,"column":20}},"97":{"start":{"line":98,"column":0},"end":{"line":98,"column":81}},"98":{"start":{"line":99,"column":0},"end":{"line":99,"column":41}},"99":{"start":{"line":100,"column":0},"end":{"line":100,"column":74}},"100":{"start":{"line":101,"column":0},"end":{"line":101,"column":5}},"101":{"start":{"line":102,"column":0},"end":{"line":102,"column":3}},"102":{"start":{"line":103,"column":0},"end":{"line":103,"column":16}},"103":{"start":{"line":104,"column":0},"end":{"line":104,"column":1}},"106":{"start":{"line":107,"column":0},"end":{"line":107,"column":43}},"107":{"start":{"line":108,"column":0},"end":{"line":108,"column":66}},"108":{"start":{"line":109,"column":0},"end":{"line":109,"column":62}},"109":{"start":{"line":110,"column":0},"end":{"line":110,"column":3}},"110":{"start":{"line":111,"column":0},"end":{"line":111,"column":1}},"112":{"start":{"line":113,"column":0},"end":{"line":113,"column":26}},"113":{"start":{"line":114,"column":0},"end":{"line":114,"column":15}},"114":{"start":{"line":115,"column":0},"end":{"line":115,"column":28}},"115":{"start":{"line":116,"column":0},"end":{"line":116,"column":15}},"116":{"start":{"line":117,"column":0},"end":{"line":117,"column":15}},"117":{"start":{"line":118,"column":0},"end":{"line":118,"column":36}},"118":{"start":{"line":119,"column":0},"end":{"line":119,"column":32}},"119":{"start":{"line":120,"column":0},"end":{"line":120,"column":63}},"120":{"start":{"line":121,"column":0},"end":{"line":121,"column":32}},"121":{"start":{"line":122,"column":0},"end":{"line":122,"column":3}},"122":{"start":{"line":123,"column":0},"end":{"line":123,"column":31}},"124":{"start":{"line":125,"column":0},"end":{"line":125,"column":24}},"125":{"start":{"line":126,"column":0},"end":{"line":126,"column":57}},"126":{"start":{"line":127,"column":0},"end":{"line":127,"column":87}},"127":{"start":{"line":128,"column":0},"end":{"line":128,"column":69}},"128":{"start":{"line":129,"column":0},"end":{"line":129,"column":86}},"129":{"start":{"line":130,"column":0},"end":{"line":130,"column":42}},"130":{"start":{"line":131,"column":0},"end":{"line":131,"column":39}},"131":{"start":{"line":132,"column":0},"end":{"line":132,"column":3}},"133":{"start":{"line":134,"column":0},"end":{"line":134,"column":43}},"134":{"start":{"line":135,"column":0},"end":{"line":135,"column":39}},"135":{"start":{"line":136,"column":0},"end":{"line":136,"column":4}},"136":{"start":{"line":137,"column":0},"end":{"line":137,"column":66}},"137":{"start":{"line":138,"column":0},"end":{"line":138,"column":41}},"140":{"start":{"line":141,"column":0},"end":{"line":141,"column":30}},"141":{"start":{"line":142,"column":0},"end":{"line":142,"column":47}},"142":{"start":{"line":143,"column":0},"end":{"line":143,"column":3}},"144":{"start":{"line":145,"column":0},"end":{"line":145,"column":35}},"145":{"start":{"line":146,"column":0},"end":{"line":146,"column":29}},"146":{"start":{"line":147,"column":0},"end":{"line":147,"column":12}},"147":{"start":{"line":148,"column":0},"end":{"line":148,"column":15}},"148":{"start":{"line":149,"column":0},"end":{"line":149,"column":4}},"150":{"start":{"line":151,"column":0},"end":{"line":151,"column":61}},"151":{"start":{"line":152,"column":0},"end":{"line":152,"column":26}},"152":{"start":{"line":153,"column":0},"end":{"line":153,"column":45}},"153":{"start":{"line":154,"column":0},"end":{"line":154,"column":11}},"154":{"start":{"line":155,"column":0},"end":{"line":155,"column":52}},"155":{"start":{"line":156,"column":0},"end":{"line":156,"column":15}},"156":{"start":{"line":157,"column":0},"end":{"line":157,"column":44}},"157":{"start":{"line":158,"column":0},"end":{"line":158,"column":15}},"158":{"start":{"line":159,"column":0},"end":{"line":159,"column":17}},"159":{"start":{"line":160,"column":0},"end":{"line":160,"column":29}},"160":{"start":{"line":161,"column":0},"end":{"line":161,"column":24}},"161":{"start":{"line":162,"column":0},"end":{"line":162,"column":11}},"162":{"start":{"line":163,"column":0},"end":{"line":163,"column":69}},"163":{"start":{"line":164,"column":0},"end":{"line":164,"column":7}},"165":{"start":{"line":166,"column":0},"end":{"line":166,"column":30}},"166":{"start":{"line":167,"column":0},"end":{"line":167,"column":58}},"167":{"start":{"line":168,"column":0},"end":{"line":168,"column":15}},"168":{"start":{"line":169,"column":0},"end":{"line":169,"column":17}},"169":{"start":{"line":170,"column":0},"end":{"line":170,"column":29}},"170":{"start":{"line":171,"column":0},"end":{"line":171,"column":33}},"171":{"start":{"line":172,"column":0},"end":{"line":172,"column":25}},"172":{"start":{"line":173,"column":0},"end":{"line":173,"column":11}},"173":{"start":{"line":174,"column":0},"end":{"line":174,"column":7}},"175":{"start":{"line":176,"column":0},"end":{"line":176,"column":28}},"176":{"start":{"line":177,"column":0},"end":{"line":177,"column":73}},"177":{"start":{"line":178,"column":0},"end":{"line":178,"column":41}},"178":{"start":{"line":179,"column":0},"end":{"line":179,"column":15}},"179":{"start":{"line":180,"column":0},"end":{"line":180,"column":17}},"180":{"start":{"line":181,"column":0},"end":{"line":181,"column":26}},"181":{"start":{"line":182,"column":0},"end":{"line":182,"column":32}},"182":{"start":{"line":183,"column":0},"end":{"line":183,"column":22}},"183":{"start":{"line":184,"column":0},"end":{"line":184,"column":11}},"184":{"start":{"line":185,"column":0},"end":{"line":185,"column":61}},"185":{"start":{"line":186,"column":0},"end":{"line":186,"column":7}},"187":{"start":{"line":188,"column":0},"end":{"line":188,"column":34}},"188":{"start":{"line":189,"column":0},"end":{"line":189,"column":69}},"189":{"start":{"line":190,"column":0},"end":{"line":190,"column":33}},"190":{"start":{"line":191,"column":0},"end":{"line":191,"column":7}},"191":{"start":{"line":192,"column":0},"end":{"line":192,"column":18}},"192":{"start":{"line":193,"column":0},"end":{"line":193,"column":6}},"193":{"start":{"line":194,"column":0},"end":{"line":194,"column":21}},"194":{"start":{"line":195,"column":0},"end":{"line":195,"column":45}},"195":{"start":{"line":196,"column":0},"end":{"line":196,"column":58}},"196":{"start":{"line":197,"column":0},"end":{"line":197,"column":43}},"197":{"start":{"line":198,"column":0},"end":{"line":198,"column":6}},"198":{"start":{"line":199,"column":0},"end":{"line":199,"column":20}},"199":{"start":{"line":200,"column":0},"end":{"line":200,"column":31}},"200":{"start":{"line":201,"column":0},"end":{"line":201,"column":67}},"201":{"start":{"line":202,"column":0},"end":{"line":202,"column":34}},"202":{"start":{"line":203,"column":0},"end":{"line":203,"column":27}},"203":{"start":{"line":204,"column":0},"end":{"line":204,"column":7}},"204":{"start":{"line":205,"column":0},"end":{"line":205,"column":7}},"206":{"start":{"line":207,"column":0},"end":{"line":207,"column":33}},"207":{"start":{"line":208,"column":0},"end":{"line":208,"column":17}},"208":{"start":{"line":209,"column":0},"end":{"line":209,"column":1}},"210":{"start":{"line":211,"column":0},"end":{"line":211,"column":25}},"211":{"start":{"line":212,"column":0},"end":{"line":212,"column":48}},"213":{"start":{"line":214,"column":0},"end":{"line":214,"column":50}},"214":{"start":{"line":215,"column":0},"end":{"line":215,"column":40}},"215":{"start":{"line":216,"column":0},"end":{"line":216,"column":27}},"216":{"start":{"line":217,"column":0},"end":{"line":217,"column":49}},"217":{"start":{"line":218,"column":0},"end":{"line":218,"column":27}},"218":{"start":{"line":219,"column":0},"end":{"line":219,"column":28}},"219":{"start":{"line":220,"column":0},"end":{"line":220,"column":20}},"220":{"start":{"line":221,"column":0},"end":{"line":221,"column":27}},"221":{"start":{"line":222,"column":0},"end":{"line":222,"column":28}},"222":{"start":{"line":223,"column":0},"end":{"line":223,"column":21}},"223":{"start":{"line":224,"column":0},"end":{"line":224,"column":7}},"224":{"start":{"line":225,"column":0},"end":{"line":225,"column":25}},"225":{"start":{"line":226,"column":0},"end":{"line":226,"column":10}},"226":{"start":{"line":227,"column":0},"end":{"line":227,"column":19}},"227":{"start":{"line":228,"column":0},"end":{"line":228,"column":25}},"228":{"start":{"line":229,"column":0},"end":{"line":229,"column":26}},"229":{"start":{"line":230,"column":0},"end":{"line":230,"column":3}},"230":{"start":{"line":231,"column":0},"end":{"line":231,"column":1}},"232":{"start":{"line":233,"column":0},"end":{"line":233,"column":37}},"233":{"start":{"line":234,"column":0},"end":{"line":234,"column":15}},"234":{"start":{"line":235,"column":0},"end":{"line":235,"column":28}},"235":{"start":{"line":236,"column":0},"end":{"line":236,"column":15}},"236":{"start":{"line":237,"column":0},"end":{"line":237,"column":7}},"237":{"start":{"line":238,"column":0},"end":{"line":238,"column":43}},"238":{"start":{"line":239,"column":0},"end":{"line":239,"column":17}},"239":{"start":{"line":240,"column":0},"end":{"line":240,"column":71}},"240":{"start":{"line":241,"column":0},"end":{"line":241,"column":44}},"243":{"start":{"line":244,"column":0},"end":{"line":244,"column":31}},"244":{"start":{"line":245,"column":0},"end":{"line":245,"column":28}},"245":{"start":{"line":246,"column":0},"end":{"line":246,"column":33}},"246":{"start":{"line":247,"column":0},"end":{"line":247,"column":41}},"247":{"start":{"line":248,"column":0},"end":{"line":248,"column":7}},"248":{"start":{"line":249,"column":0},"end":{"line":249,"column":21}},"249":{"start":{"line":250,"column":0},"end":{"line":250,"column":5}},"250":{"start":{"line":251,"column":0},"end":{"line":251,"column":14}},"251":{"start":{"line":252,"column":0},"end":{"line":252,"column":3}},"252":{"start":{"line":253,"column":0},"end":{"line":253,"column":1}},"254":{"start":{"line":255,"column":0},"end":{"line":255,"column":62}},"255":{"start":{"line":256,"column":0},"end":{"line":256,"column":39}},"256":{"start":{"line":257,"column":0},"end":{"line":257,"column":52}},"257":{"start":{"line":258,"column":0},"end":{"line":258,"column":64}},"258":{"start":{"line":259,"column":0},"end":{"line":259,"column":37}},"259":{"start":{"line":260,"column":0},"end":{"line":260,"column":5}},"260":{"start":{"line":261,"column":0},"end":{"line":261,"column":5}},"261":{"start":{"line":262,"column":0},"end":{"line":262,"column":31}},"262":{"start":{"line":263,"column":0},"end":{"line":263,"column":28}},"263":{"start":{"line":264,"column":0},"end":{"line":264,"column":1}},"265":{"start":{"line":266,"column":0},"end":{"line":266,"column":21}},"266":{"start":{"line":267,"column":0},"end":{"line":267,"column":70}},"267":{"start":{"line":268,"column":0},"end":{"line":268,"column":90}},"268":{"start":{"line":269,"column":0},"end":{"line":269,"column":4}},"269":{"start":{"line":270,"column":0},"end":{"line":270,"column":53}},"270":{"start":{"line":271,"column":0},"end":{"line":271,"column":40}},"271":{"start":{"line":272,"column":0},"end":{"line":272,"column":21}},"272":{"start":{"line":273,"column":0},"end":{"line":273,"column":66}},"273":{"start":{"line":274,"column":0},"end":{"line":274,"column":7}},"274":{"start":{"line":275,"column":0},"end":{"line":275,"column":4}},"275":{"start":{"line":276,"column":0},"end":{"line":276,"column":52}},"276":{"start":{"line":277,"column":0},"end":{"line":277,"column":40}},"277":{"start":{"line":278,"column":0},"end":{"line":278,"column":20}},"278":{"start":{"line":279,"column":0},"end":{"line":279,"column":66}},"279":{"start":{"line":280,"column":0},"end":{"line":280,"column":7}},"280":{"start":{"line":281,"column":0},"end":{"line":281,"column":4}},"281":{"start":{"line":282,"column":0},"end":{"line":282,"column":54}},"282":{"start":{"line":283,"column":0},"end":{"line":283,"column":40}},"283":{"start":{"line":284,"column":0},"end":{"line":284,"column":22}},"284":{"start":{"line":285,"column":0},"end":{"line":285,"column":66}},"285":{"start":{"line":286,"column":0},"end":{"line":286,"column":7}},"286":{"start":{"line":287,"column":0},"end":{"line":287,"column":4}},"287":{"start":{"line":288,"column":0},"end":{"line":288,"column":36}},"288":{"start":{"line":289,"column":0},"end":{"line":289,"column":61}},"289":{"start":{"line":290,"column":0},"end":{"line":290,"column":4}},"290":{"start":{"line":291,"column":0},"end":{"line":291,"column":2}}},"s":{"0":1,"1":1,"2":1,"4":1,"14":1,"15":1,"17":14,"18":14,"19":14,"20":14,"21":3,"22":14,"23":14,"24":14,"25":0,"26":0,"27":14,"29":1,"30":5,"31":5,"33":5,"34":5,"35":5,"36":5,"37":5,"38":5,"39":5,"41":1,"43":1,"44":1,"47":1,"50":1,"51":12,"52":12,"53":12,"55":9,"56":9,"57":9,"58":0,"59":0,"60":0,"61":0,"62":0,"63":0,"65":5,"66":5,"67":5,"70":14,"71":14,"72":14,"73":14,"74":14,"75":14,"76":14,"77":14,"78":14,"79":14,"80":14,"81":14,"82":14,"85":14,"86":14,"87":14,"88":14,"89":14,"90":14,"91":14,"92":14,"93":14,"94":14,"95":14,"96":2,"97":2,"98":0,"99":0,"100":0,"101":14,"102":0,"103":0,"106":14,"107":14,"108":14,"109":14,"110":14,"112":14,"113":14,"114":14,"115":14,"116":14,"117":14,"118":14,"119":14,"120":14,"121":14,"122":14,"124":14,"125":14,"126":14,"127":14,"128":14,"129":9,"130":9,"131":9,"133":14,"134":14,"135":14,"136":14,"137":14,"140":14,"141":0,"142":0,"144":14,"145":14,"146":14,"147":14,"148":14,"150":14,"151":14,"152":12,"153":12,"154":12,"155":12,"156":1,"157":1,"158":1,"159":1,"160":1,"161":1,"162":1,"163":1,"165":12,"166":0,"167":0,"168":0,"169":0,"170":0,"171":0,"172":0,"173":0,"175":12,"176":2,"177":2,"178":2,"179":2,"180":2,"181":2,"182":2,"183":2,"184":2,"185":2,"187":9,"188":12,"189":5,"190":5,"191":9,"192":14,"193":14,"194":5,"195":2,"196":2,"197":14,"198":14,"199":14,"200":14,"201":14,"202":14,"203":14,"204":14,"206":14,"207":14,"208":14,"210":1,"211":1,"213":0,"214":0,"215":0,"216":0,"217":0,"218":0,"219":0,"220":0,"221":0,"222":0,"223":0,"224":0,"225":0,"226":0,"227":0,"228":0,"229":0,"230":0,"232":14,"233":14,"234":14,"235":14,"236":14,"237":14,"238":14,"239":5,"240":0,"243":0,"244":0,"245":0,"246":0,"247":0,"248":0,"249":0,"250":5,"251":5,"252":14,"254":9,"255":9,"256":9,"257":4,"258":3,"259":3,"260":9,"261":9,"262":9,"263":9,"265":1,"266":1,"267":9,"268":9,"269":1,"270":2,"271":2,"272":2,"273":2,"274":2,"275":1,"276":1,"277":1,"278":1,"279":1,"280":1,"281":1,"282":1,"283":1,"284":1,"285":1,"286":1,"287":1,"288":1,"289":1,"290":1},"branchMap":{"0":{"type":"branch","line":18,"loc":{"start":{"line":18,"column":0},"end":{"line":28,"column":1}},"locations":[{"start":{"line":18,"column":0},"end":{"line":28,"column":1}}]},"1":{"type":"branch","line":21,"loc":{"start":{"line":21,"column":32},"end":{"line":21,"column":51}},"locations":[{"start":{"line":21,"column":32},"end":{"line":21,"column":51}}]},"2":{"type":"branch","line":21,"loc":{"start":{"line":21,"column":39},"end":{"line":23,"column":25}},"locations":[{"start":{"line":21,"column":39},"end":{"line":23,"column":25}}]},"3":{"type":"branch","line":23,"loc":{"start":{"line":23,"column":18},"end":{"line":23,"column":65}},"locations":[{"start":{"line":23,"column":18},"end":{"line":23,"column":65}}]},"4":{"type":"branch","line":23,"loc":{"start":{"line":23,"column":48},"end":{"line":23,"column":65}},"locations":[{"start":{"line":23,"column":48},"end":{"line":23,"column":65}}]},"5":{"type":"branch","line":23,"loc":{"start":{"line":23,"column":57},"end":{"line":23,"column":70}},"locations":[{"start":{"line":23,"column":57},"end":{"line":23,"column":70}}]},"6":{"type":"branch","line":25,"loc":{"start":{"line":25,"column":2},"end":{"line":27,"column":3}},"locations":[{"start":{"line":25,"column":2},"end":{"line":27,"column":3}}]},"7":{"type":"branch","line":30,"loc":{"start":{"line":30,"column":36},"end":{"line":40,"column":1}},"locations":[{"start":{"line":30,"column":36},"end":{"line":40,"column":1}}]},"8":{"type":"branch","line":34,"loc":{"start":{"line":34,"column":2},"end":{"line":39,"column":3}},"locations":[{"start":{"line":34,"column":2},"end":{"line":39,"column":3}}]},"9":{"type":"branch","line":51,"loc":{"start":{"line":51,"column":7},"end":{"line":54,"column":1}},"locations":[{"start":{"line":51,"column":7},"end":{"line":54,"column":1}}]},"10":{"type":"branch","line":56,"loc":{"start":{"line":56,"column":0},"end":{"line":64,"column":1}},"locations":[{"start":{"line":56,"column":0},"end":{"line":64,"column":1}}]},"11":{"type":"branch","line":58,"loc":{"start":{"line":58,"column":21},"end":{"line":64,"column":1}},"locations":[{"start":{"line":58,"column":21},"end":{"line":64,"column":1}}]},"12":{"type":"branch","line":66,"loc":{"start":{"line":66,"column":0},"end":{"line":68,"column":1}},"locations":[{"start":{"line":66,"column":0},"end":{"line":68,"column":1}}]},"13":{"type":"branch","line":71,"loc":{"start":{"line":71,"column":0},"end":{"line":83,"column":1}},"locations":[{"start":{"line":71,"column":0},"end":{"line":83,"column":1}}]},"14":{"type":"branch","line":86,"loc":{"start":{"line":86,"column":0},"end":{"line":104,"column":1}},"locations":[{"start":{"line":86,"column":0},"end":{"line":104,"column":1}}]},"15":{"type":"branch","line":96,"loc":{"start":{"line":96,"column":4},"end":{"line":101,"column":5}},"locations":[{"start":{"line":96,"column":4},"end":{"line":101,"column":5}}]},"16":{"type":"branch","line":98,"loc":{"start":{"line":98,"column":27},"end":{"line":98,"column":71}},"locations":[{"start":{"line":98,"column":27},"end":{"line":98,"column":71}}]},"17":{"type":"branch","line":98,"loc":{"start":{"line":98,"column":77},"end":{"line":101,"column":5}},"locations":[{"start":{"line":98,"column":77},"end":{"line":101,"column":5}}]},"18":{"type":"branch","line":102,"loc":{"start":{"line":102,"column":2},"end":{"line":104,"column":1}},"locations":[{"start":{"line":102,"column":2},"end":{"line":104,"column":1}}]},"19":{"type":"branch","line":107,"loc":{"start":{"line":107,"column":0},"end":{"line":111,"column":1}},"locations":[{"start":{"line":107,"column":0},"end":{"line":111,"column":1}}]},"20":{"type":"branch","line":113,"loc":{"start":{"line":113,"column":0},"end":{"line":209,"column":1}},"locations":[{"start":{"line":113,"column":0},"end":{"line":209,"column":1}}]},"21":{"type":"branch","line":127,"loc":{"start":{"line":127,"column":21},"end":{"line":127,"column":51}},"locations":[{"start":{"line":127,"column":21},"end":{"line":127,"column":51}}]},"22":{"type":"branch","line":127,"loc":{"start":{"line":127,"column":34},"end":{"line":127,"column":84}},"locations":[{"start":{"line":127,"column":34},"end":{"line":127,"column":84}}]},"23":{"type":"branch","line":128,"loc":{"start":{"line":128,"column":30},"end":{"line":128,"column":45}},"locations":[{"start":{"line":128,"column":30},"end":{"line":128,"column":45}}]},"24":{"type":"branch","line":129,"loc":{"start":{"line":129,"column":45},"end":{"line":129,"column":85}},"locations":[{"start":{"line":129,"column":45},"end":{"line":129,"column":85}}]},"25":{"type":"branch","line":129,"loc":{"start":{"line":129,"column":85},"end":{"line":132,"column":3}},"locations":[{"start":{"line":129,"column":85},"end":{"line":132,"column":3}}]},"26":{"type":"branch","line":131,"loc":{"start":{"line":131,"column":25},"end":{"line":131,"column":39}},"locations":[{"start":{"line":131,"column":25},"end":{"line":131,"column":39}}]},"27":{"type":"branch","line":137,"loc":{"start":{"line":137,"column":17},"end":{"line":137,"column":66}},"locations":[{"start":{"line":137,"column":17},"end":{"line":137,"column":66}}]},"28":{"type":"branch","line":138,"loc":{"start":{"line":138,"column":25},"end":{"line":138,"column":41}},"locations":[{"start":{"line":138,"column":25},"end":{"line":138,"column":41}}]},"29":{"type":"branch","line":141,"loc":{"start":{"line":141,"column":29},"end":{"line":143,"column":3}},"locations":[{"start":{"line":141,"column":29},"end":{"line":143,"column":3}}]},"30":{"type":"branch","line":152,"loc":{"start":{"line":152,"column":10},"end":{"line":193,"column":5}},"locations":[{"start":{"line":152,"column":10},"end":{"line":193,"column":5}}]},"31":{"type":"branch","line":155,"loc":{"start":{"line":155,"column":31},"end":{"line":156,"column":14}},"locations":[{"start":{"line":155,"column":31},"end":{"line":156,"column":14}}]},"32":{"type":"branch","line":156,"loc":{"start":{"line":156,"column":6},"end":{"line":164,"column":7}},"locations":[{"start":{"line":156,"column":6},"end":{"line":164,"column":7}}]},"33":{"type":"branch","line":164,"loc":{"start":{"line":164,"column":6},"end":{"line":166,"column":29}},"locations":[{"start":{"line":164,"column":6},"end":{"line":166,"column":29}}]},"34":{"type":"branch","line":166,"loc":{"start":{"line":166,"column":29},"end":{"line":174,"column":7}},"locations":[{"start":{"line":166,"column":29},"end":{"line":174,"column":7}}]},"35":{"type":"branch","line":174,"loc":{"start":{"line":174,"column":6},"end":{"line":176,"column":27}},"locations":[{"start":{"line":174,"column":6},"end":{"line":176,"column":27}}]},"36":{"type":"branch","line":176,"loc":{"start":{"line":176,"column":27},"end":{"line":186,"column":7}},"locations":[{"start":{"line":176,"column":27},"end":{"line":186,"column":7}}]},"37":{"type":"branch","line":177,"loc":{"start":{"line":177,"column":54},"end":{"line":177,"column":71}},"locations":[{"start":{"line":177,"column":54},"end":{"line":177,"column":71}}]},"38":{"type":"branch","line":186,"loc":{"start":{"line":186,"column":6},"end":{"line":189,"column":38}},"locations":[{"start":{"line":186,"column":6},"end":{"line":189,"column":38}}]},"39":{"type":"branch","line":189,"loc":{"start":{"line":189,"column":29},"end":{"line":189,"column":68}},"locations":[{"start":{"line":189,"column":29},"end":{"line":189,"column":68}}]},"40":{"type":"branch","line":189,"loc":{"start":{"line":189,"column":68},"end":{"line":191,"column":7}},"locations":[{"start":{"line":189,"column":68},"end":{"line":191,"column":7}}]},"41":{"type":"branch","line":191,"loc":{"start":{"line":191,"column":6},"end":{"line":192,"column":18}},"locations":[{"start":{"line":191,"column":6},"end":{"line":192,"column":18}}]},"42":{"type":"branch","line":194,"loc":{"start":{"line":194,"column":11},"end":{"line":198,"column":5}},"locations":[{"start":{"line":194,"column":11},"end":{"line":198,"column":5}}]},"43":{"type":"branch","line":195,"loc":{"start":{"line":195,"column":35},"end":{"line":195,"column":45}},"locations":[{"start":{"line":195,"column":35},"end":{"line":195,"column":45}}]},"44":{"type":"branch","line":195,"loc":{"start":{"line":195,"column":41},"end":{"line":197,"column":43}},"locations":[{"start":{"line":195,"column":41},"end":{"line":197,"column":43}}]},"45":{"type":"branch","line":199,"loc":{"start":{"line":199,"column":13},"end":{"line":205,"column":5}},"locations":[{"start":{"line":199,"column":13},"end":{"line":205,"column":5}}]},"46":{"type":"branch","line":233,"loc":{"start":{"line":233,"column":0},"end":{"line":253,"column":1}},"locations":[{"start":{"line":233,"column":0},"end":{"line":253,"column":1}}]},"47":{"type":"branch","line":239,"loc":{"start":{"line":239,"column":2},"end":{"line":252,"column":3}},"locations":[{"start":{"line":239,"column":2},"end":{"line":252,"column":3}}]},"48":{"type":"branch","line":240,"loc":{"start":{"line":240,"column":48},"end":{"line":240,"column":70}},"locations":[{"start":{"line":240,"column":48},"end":{"line":240,"column":70}}]},"49":{"type":"branch","line":240,"loc":{"start":{"line":240,"column":70},"end":{"line":250,"column":5}},"locations":[{"start":{"line":240,"column":70},"end":{"line":250,"column":5}}]},"50":{"type":"branch","line":255,"loc":{"start":{"line":255,"column":0},"end":{"line":264,"column":1}},"locations":[{"start":{"line":255,"column":0},"end":{"line":264,"column":1}}]},"51":{"type":"branch","line":263,"loc":{"start":{"line":263,"column":9},"end":{"line":263,"column":25}},"locations":[{"start":{"line":263,"column":9},"end":{"line":263,"column":25}}]},"52":{"type":"branch","line":263,"loc":{"start":{"line":263,"column":20},"end":{"line":263,"column":28}},"locations":[{"start":{"line":263,"column":20},"end":{"line":263,"column":28}}]},"53":{"type":"branch","line":257,"loc":{"start":{"line":257,"column":33},"end":{"line":261,"column":3}},"locations":[{"start":{"line":257,"column":33},"end":{"line":261,"column":3}}]},"54":{"type":"branch","line":258,"loc":{"start":{"line":258,"column":63},"end":{"line":260,"column":5}},"locations":[{"start":{"line":258,"column":63},"end":{"line":260,"column":5}}]},"55":{"type":"branch","line":267,"loc":{"start":{"line":267,"column":2},"end":{"line":269,"column":4}},"locations":[{"start":{"line":267,"column":2},"end":{"line":269,"column":4}}]},"56":{"type":"branch","line":268,"loc":{"start":{"line":268,"column":54},"end":{"line":268,"column":66}},"locations":[{"start":{"line":268,"column":54},"end":{"line":268,"column":66}}]},"57":{"type":"branch","line":270,"loc":{"start":{"line":270,"column":2},"end":{"line":275,"column":4}},"locations":[{"start":{"line":270,"column":2},"end":{"line":275,"column":4}}]},"58":{"type":"branch","line":273,"loc":{"start":{"line":273,"column":21},"end":{"line":273,"column":45}},"locations":[{"start":{"line":273,"column":21},"end":{"line":273,"column":45}}]},"59":{"type":"branch","line":276,"loc":{"start":{"line":276,"column":2},"end":{"line":281,"column":4}},"locations":[{"start":{"line":276,"column":2},"end":{"line":281,"column":4}}]},"60":{"type":"branch","line":279,"loc":{"start":{"line":279,"column":21},"end":{"line":279,"column":45}},"locations":[{"start":{"line":279,"column":21},"end":{"line":279,"column":45}}]},"61":{"type":"branch","line":282,"loc":{"start":{"line":282,"column":2},"end":{"line":287,"column":4}},"locations":[{"start":{"line":282,"column":2},"end":{"line":287,"column":4}}]},"62":{"type":"branch","line":285,"loc":{"start":{"line":285,"column":21},"end":{"line":285,"column":45}},"locations":[{"start":{"line":285,"column":21},"end":{"line":285,"column":45}}]},"63":{"type":"branch","line":288,"loc":{"start":{"line":288,"column":2},"end":{"line":290,"column":4}},"locations":[{"start":{"line":288,"column":2},"end":{"line":290,"column":4}}]}},"b":{"0":[14],"1":[11],"2":[3],"3":[2],"4":[0],"5":[1],"6":[0],"7":[5],"8":[5],"9":[12],"10":[9],"11":[0],"12":[5],"13":[14],"14":[14],"15":[2],"16":[0],"17":[0],"18":[0],"19":[14],"20":[14],"21":[2],"22":[0],"23":[0],"24":[5],"25":[9],"26":[0],"27":[2],"28":[0],"29":[0],"30":[12],"31":[11],"32":[1],"33":[11],"34":[0],"35":[11],"36":[2],"37":[0],"38":[9],"39":[4],"40":[5],"41":[9],"42":[5],"43":[3],"44":[2],"45":[14],"46":[14],"47":[5],"48":[0],"49":[0],"50":[9],"51":[2],"52":[7],"53":[4],"54":[3],"55":[9],"56":[7],"57":[2],"58":[0],"59":[1],"60":[0],"61":[1],"62":[0],"63":[1]},"fnMap":{"0":{"name":"getToken","decl":{"start":{"line":18,"column":0},"end":{"line":28,"column":1}},"loc":{"start":{"line":18,"column":0},"end":{"line":28,"column":1}},"line":18},"1":{"name":"<instance_members_initializer>","decl":{"start":{"line":30,"column":36},"end":{"line":40,"column":1}},"loc":{"start":{"line":30,"column":36},"end":{"line":40,"column":1}},"line":30},"2":{"name":"ApiError","decl":{"start":{"line":34,"column":2},"end":{"line":39,"column":3}},"loc":{"start":{"line":34,"column":2},"end":{"line":39,"column":3}},"line":34},"3":{"name":"clearCache","decl":{"start":{"line":51,"column":7},"end":{"line":54,"column":1}},"loc":{"start":{"line":51,"column":7},"end":{"line":54,"column":1}},"line":51},"4":{"name":"getCached","decl":{"start":{"line":56,"column":0},"end":{"line":64,"column":1}},"loc":{"start":{"line":56,"column":0},"end":{"line":64,"column":1}},"line":56},"5":{"name":"setCache","decl":{"start":{"line":66,"column":0},"end":{"line":68,"column":1}},"loc":{"start":{"line":66,"column":0},"end":{"line":68,"column":1}},"line":66},"6":{"name":"fetchWithTimeout","decl":{"start":{"line":71,"column":0},"end":{"line":83,"column":1}},"loc":{"start":{"line":71,"column":0},"end":{"line":83,"column":1}},"line":71},"7":{"name":"fetchWithRetry","decl":{"start":{"line":86,"column":0},"end":{"line":104,"column":1}},"loc":{"start":{"line":86,"column":0},"end":{"line":104,"column":1}},"line":86},"8":{"name":"markDuration","decl":{"start":{"line":107,"column":0},"end":{"line":111,"column":1}},"loc":{"start":{"line":107,"column":0},"end":{"line":111,"column":1}},"line":107},"9":{"name":"request","decl":{"start":{"line":113,"column":0},"end":{"line":209,"column":1}},"loc":{"start":{"line":113,"column":0},"end":{"line":209,"column":1}},"line":113},"10":{"name":"refreshTokenOnce","decl":{"start":{"line":214,"column":0},"end":{"line":231,"column":1}},"loc":{"start":{"line":214,"column":0},"end":{"line":231,"column":1}},"line":214},"11":{"name":"requestWithRefresh","decl":{"start":{"line":233,"column":0},"end":{"line":253,"column":1}},"loc":{"start":{"line":233,"column":0},"end":{"line":253,"column":1}},"line":233},"12":{"name":"buildQuery","decl":{"start":{"line":255,"column":0},"end":{"line":264,"c
[...]
olumn":5}},"131":{"start":{"line":132,"column":0},"end":{"line":132,"column":1}},"135":{"start":{"line":136,"column":0},"end":{"line":136,"column":47}},"141":{"start":{"line":142,"column":0},"end":{"line":142,"column":59}},"142":{"start":{"line":143,"column":0},"end":{"line":143,"column":49}},"143":{"start":{"line":144,"column":0},"end":{"line":144,"column":7}},"144":{"start":{"line":145,"column":0},"end":{"line":145,"column":51}},"145":{"start":{"line":146,"column":0},"end":{"line":146,"column":11}},"147":{"start":{"line":148,"column":0},"end":{"line":148,"column":3}},"148":{"start":{"line":149,"column":0},"end":{"line":149,"column":1}},"153":{"start":{"line":154,"column":0},"end":{"line":154,"column":57}},"154":{"start":{"line":155,"column":0},"end":{"line":155,"column":44}},"155":{"start":{"line":156,"column":0},"end":{"line":156,"column":28}},"156":{"start":{"line":157,"column":0},"end":{"line":157,"column":45}},"157":{"start":{"line":158,"column":0},"end":{"line":158,"column":10}},"158":{"start":{"line":159,"column":0},"end":{"line":159,"column":27}},"159":{"start":{"line":160,"column":0},"end":{"line":160,"column":20}},"160":{"start":{"line":161,"column":0},"end":{"line":161,"column":45}},"161":{"start":{"line":162,"column":0},"end":{"line":162,"column":5}},"162":{"start":{"line":163,"column":0},"end":{"line":163,"column":33}},"163":{"start":{"line":164,"column":0},"end":{"line":164,"column":7}},"164":{"start":{"line":165,"column":0},"end":{"line":165,"column":49}},"165":{"start":{"line":166,"column":0},"end":{"line":166,"column":24}},"166":{"start":{"line":167,"column":0},"end":{"line":167,"column":29}},"167":{"start":{"line":168,"column":0},"end":{"line":168,"column":35}},"168":{"start":{"line":169,"column":0},"end":{"line":169,"column":33}},"169":{"start":{"line":170,"column":0},"end":{"line":170,"column":6}},"170":{"start":{"line":171,"column":0},"end":{"line":171,"column":11}},"172":{"start":{"line":173,"column":0},"end":{"line":173,"column":3}},"173":{"start":{"line":174,"column":0},"end":{"line":174,"column":1}},"178":{"start":{"line":179,"column":0},"end":{"line":179,"column":62}},"179":{"start":{"line":180,"column":0},"end":{"line":180,"column":16}},"180":{"start":{"line":181,"column":0},"end":{"line":181,"column":1}}},"s":{"8":0,"18":0,"19":0,"20":0,"21":0,"22":0,"23":0,"24":0,"26":0,"27":0,"28":0,"29":0,"30":0,"31":0,"32":0,"34":0,"36":0,"37":0,"38":0,"39":0,"40":0,"41":0,"42":0,"44":0,"45":0,"46":0,"47":0,"48":0,"49":0,"50":0,"51":0,"55":0,"56":0,"58":0,"59":0,"62":0,"63":0,"64":0,"65":0,"66":0,"67":0,"68":0,"69":0,"70":0,"71":0,"73":0,"76":0,"77":0,"78":0,"79":0,"83":0,"84":0,"85":0,"86":0,"87":0,"88":0,"90":0,"93":0,"94":0,"95":0,"96":0,"97":0,"98":0,"99":0,"100":0,"101":0,"102":0,"104":0,"105":0,"106":0,"107":0,"108":0,"109":0,"110":0,"112":0,"115":0,"116":0,"117":0,"118":0,"119":0,"120":0,"121":0,"122":0,"123":0,"124":0,"126":0,"127":0,"128":0,"129":0,"130":0,"131":0,"135":0,"141":0,"142":0,"143":0,"144":0,"145":0,"147":0,"148":0,"153":0,"154":0,"155":0,"156":0,"157":0,"158":0,"159":0,"160":0,"161":0,"162":0,"163":0,"164":0,"165":0,"166":0,"167":0,"168":0,"169":0,"170":0,"172":0,"173":0,"178":0,"179":0,"180":0},"branchMap":{"0":{"type":"branch","line":1,"loc":{"start":{"line":1,"column":4639},"end":{"line":181,"column":1}},"locations":[{"start":{"line":1,"column":4639},"end":{"line":181,"column":1}}]}},"b":{"0":[1]},"fnMap":{"0":{"name":"(empty-report)","decl":{"start":{"line":1,"column":4639},"end":{"line":181,"column":1}},"loc":{"start":{"line":1,"column":4639},"end":{"line":181,"column":1}},"line":1}},"f":{"0":1}}
,"/workspace/apps/web/src/utils/report.ts": {"path":"/workspace/apps/web/src/utils/report.ts","all":false,"statementMap":{"16":{"start":{"line":17,"column":0},"end":{"line":17,"column":37}},"19":{"start":{"line":20,"column":0},"end":{"line":20,"column":48}},"20":{"start":{"line":21,"column":0},"end":{"line":21,"column":34}},"21":{"start":{"line":22,"column":0},"end":{"line":22,"column":40}},"22":{"start":{"line":23,"column":0},"end":{"line":23,"column":7}},"23":{"start":{"line":24,"column":0},"end":{"line":24,"column":31}},"24":{"start":{"line":25,"column":0},"end":{"line":25,"column":50}},"25":{"start":{"line":26,"column":0},"end":{"line":26,"column":12}},"26":{"start":{"line":27,"column":0},"end":{"line":27,"column":32}},"27":{"start":{"line":28,"column":0},"end":{"line":28,"column":23}},"28":{"start":{"line":29,"column":0},"end":{"line":29,"column":22}},"29":{"start":{"line":30,"column":0},"end":{"line":30,"column":24}},"30":{"start":{"line":31,"column":0},"end":{"line":31,"column":25}},"31":{"start":{"line":32,"column":0},"end":{"line":32,"column":5}},"32":{"start":{"line":33,"column":0},"end":{"line":33,"column":11}},"34":{"start":{"line":35,"column":0},"end":{"line":35,"column":3}},"35":{"start":{"line":36,"column":0},"end":{"line":36,"column":1}},"38":{"start":{"line":39,"column":0},"end":{"line":39,"column":28}},"39":{"start":{"line":40,"column":0},"end":{"line":40,"column":17}},"40":{"start":{"line":41,"column":0},"end":{"line":41,"column":36}},"41":{"start":{"line":42,"column":0},"end":{"line":42,"column":9}},"42":{"start":{"line":43,"column":0},"end":{"line":43,"column":68}},"43":{"start":{"line":44,"column":0},"end":{"line":44,"column":73}},"44":{"start":{"line":45,"column":0},"end":{"line":45,"column":28}},"45":{"start":{"line":46,"column":0},"end":{"line":46,"column":62}},"46":{"start":{"line":47,"column":0},"end":{"line":47,"column":11}},"47":{"start":{"line":48,"column":0},"end":{"line":48,"column":3}},"48":{"start":{"line":49,"column":0},"end":{"line":49,"column":59}},"49":{"start":{"line":50,"column":0},"end":{"line":50,"column":1}}},"s":{"16":1,"19":1,"20":0,"21":0,"22":0,"23":0,"24":0,"25":0,"26":0,"27":0,"28":0,"29":0,"30":0,"31":0,"32":0,"34":0,"35":0,"38":1,"39":5,"40":5,"41":5,"42":5,"43":5,"44":5,"45":5,"46":5,"47":5,"48":0,"49":0},"branchMap":{"0":{"type":"branch","line":39,"loc":{"start":{"line":39,"column":7},"end":{"line":50,"column":1}},"locations":[{"start":{"line":39,"column":7},"end":{"line":50,"column":1}}]},"1":{"type":"branch","line":43,"loc":{"start":{"line":43,"column":46},"end":{"line":43,"column":68}},"locations":[{"start":{"line":43,"column":46},"end":{"line":43,"column":68}}]},"2":{"type":"branch","line":44,"loc":{"start":{"line":44,"column":49},"end":{"line":44,"column":73}},"locations":[{"start":{"line":44,"column":49},"end":{"line":44,"column":73}}]},"3":{"type":"branch","line":46,"loc":{"start":{"line":46,"column":47},"end":{"line":46,"column":60}},"locations":[{"start":{"line":46,"column":47},"end":{"line":46,"column":60}}]},"4":{"type":"branch","line":48,"loc":{"start":{"line":48,"column":2},"end":{"line":50,"column":1}},"locations":[{"start":{"line":48,"column":2},"end":{"line":50,"column":1}}]}},"b":{"0":[5],"1":[0],"2":[0],"3":[0],"4":[0]},"fnMap":{"0":{"name":"sendRum","decl":{"start":{"line":20,"column":7},"end":{"line":36,"column":1}},"loc":{"start":{"line":20,"column":7},"end":{"line":36,"column":1}},"line":20},"1":{"name":"reportError","decl":{"start":{"line":39,"column":7},"end":{"line":50,"column":1}},"loc":{"start":{"line":39,"column":7},"end":{"line":50,"column":1}},"line":39}},"f":{"0":0,"1":5}}
,"/workspace/apps/web/src/utils/routePrefetch.ts": {"path":"/workspace/apps/web/src/utils/routePrefetch.ts","all":true,"statementMap":{"30":{"start":{"line":31,"column":0},"end":{"line":31,"column":65}},"33":{"start":{"line":34,"column":0},"end":{"line":34,"column":43}},"35":{"start":{"line":36,"column":0},"end":{"line":36,"column":41}},"38":{"start":{"line":39,"column":0},"end":{"line":39,"column":24}},"45":{"start":{"line":46,"column":0},"end":{"line":46,"column":38}},"46":{"start":{"line":47,"column":0},"end":{"line":47,"column":15}},"47":{"start":{"line":48,"column":0},"end":{"line":48,"column":30}},"48":{"start":{"line":49,"column":0},"end":{"line":49,"column":9}},"49":{"start":{"line":50,"column":0},"end":{"line":50,"column":34}},"50":{"start":{"line":51,"column":0},"end":{"line":51,"column":1}},"53":{"start":{"line":54,"column":0},"end":{"line":54,"column":30}},"54":{"start":{"line":55,"column":0},"end":{"line":55,"column":7}},"55":{"start":{"line":56,"column":0},"end":{"line":56,"column":52}},"56":{"start":{"line":57,"column":0},"end":{"line":57,"column":27}},"57":{"start":{"line":58,"column":0},"end":{"line":58,"column":49}},"58":{"start":{"line":59,"column":0},"end":{"line":59,"column":11}},"59":{"start":{"line":60,"column":0},"end":{"line":60,"column":17}},"60":{"start":{"line":61,"column":0},"end":{"line":61,"column":3}},"61":{"start":{"line":62,"column":0},"end":{"line":62,"column":1}},"64":{"start":{"line":65,"column":0},"end":{"line":65,"column":51}},"65":{"start":{"line":66,"column":0},"end":{"line":66,"column":40}},"66":{"start":{"line":67,"column":0},"end":{"line":67,"column":22}},"68":{"start":{"line":69,"column":0},"end":{"line":69,"column":43}},"71":{"start":{"line":72,"column":0},"end":{"line":72,"column":52}},"72":{"start":{"line":73,"column":0},"end":{"line":73,"column":31}},"73":{"start":{"line":74,"column":0},"end":{"line":74,"column":32}},"75":{"start":{"line":76,"column":0},"end":{"line":76,"column":36}},"76":{"start":{"line":77,"column":0},"end":{"line":77,"column":7}},"77":{"start":{"line":78,"column":0},"end":{"line":78,"column":3}},"80":{"start":{"line":81,"column":0},"end":{"line":81,"column":49}},"81":{"start":{"line":82,"column":0},"end":{"line":82,"column":29}},"82":{"start":{"line":83,"column":0},"end":{"line":83,"column":31}},"84":{"start":{"line":85,"column":0},"end":{"line":85,"column":34}},"85":{"start":{"line":86,"column":0},"end":{"line":86,"column":7}},"86":{"start":{"line":87,"column":0},"end":{"line":87,"column":3}},"87":{"start":{"line":88,"column":0},"end":{"line":88,"column":1}},"90":{"start":{"line":91,"column":0},"end":{"line":91,"column":43}},"91":{"start":{"line":92,"column":0},"end":{"line":92,"column":26}},"92":{"start":{"line":93,"column":0},"end":{"line":93,"column":21}},"94":{"start":{"line":95,"column":0},"end":{"line":95,"column":21}},"96":{"start":{"line":97,"column":0},"end":{"line":97,"column":53}},"97":{"start":{"line":98,"column":0},"end":{"line":98,"column":17}},"98":{"start":{"line":99,"column":0},"end":{"line":99,"column":39}},"99":{"start":{"line":100,"column":0},"end":{"line":100,"column":39}},"100":{"start":{"line":101,"column":0},"end":{"line":101,"column":55}},"101":{"start":{"line":102,"column":0},"end":{"line":102,"column":8}},"102":{"start":{"line":103,"column":0},"end":{"line":103,"column":6}},"103":{"start":{"line":104,"column":0},"end":{"line":104,"column":31}},"104":{"start":{"line":105,"column":0},"end":{"line":105,"column":26}},"105":{"start":{"line":106,"column":0},"end":{"line":106,"column":5}},"106":{"start":{"line":107,"column":0},"end":{"line":107,"column":4}},"108":{"start":{"line":109,"column":0},"end":{"line":109,"column":51}},"109":{"start":{"line":110,"column":0},"end":{"line":110,"column":48}},"110":{"start":{"line":111,"column":0},"end":{"line":111,"column":10}},"111":{"start":{"line":112,"column":0},"end":{"line":112,"column":26}},"112":{"start":{"line":113,"column":0},"end":{"line":113,"column":3}},"113":{"start":{"line":114,"column":0},"end":{"line":114,"column":1}},"119":{"start":{"line":120,"column":0},"end":{"line":120,"column":45}},"120":{"start":{"line":121,"column":0},"end":{"line":121,"column":35}},"121":{"start":{"line":122,"column":0},"end":{"line":122,"column":1}},"124":{"start":{"line":125,"column":0},"end":{"line":125,"column":44}},"125":{"start":{"line":126,"column":0},"end":{"line":126,"column":27}},"126":{"start":{"line":127,"column":0},"end":{"line":127,"column":25}},"127":{"start":{"line":128,"column":0},"end":{"line":128,"column":22}},"128":{"start":{"line":129,"column":0},"end":{"line":129,"column":1}}},"s":{"30":0,"33":0,"35":0,"38":0,"45":0,"46":0,"47":0,"48":0,"49":0,"50":0,"53":0,"54":0,"55":0,"56":0,"57":0,"58":0,"59":0,"60":0,"61":0,"64":0,"65":0,"66":0,"68":0,"71":0,"72":0,"73":0,"75":0,"76":0,"77":0,"80":0,"81":0,"82":0,"84":0,"85":0,"86":0,"87":0,"90":0,"91":0,"92":0,"94":0,"96":0,"97":0,"98":0,"99":0,"100":0,"101":0,"102":0,"103":0,"104":0,"105":0,"106":0,"108":0,"109":0,"110":0,"111":0,"112":0,"113":0,"119":0,"120":0,"121":0,"124":0,"125":0,"126":0,"127":0,"128":0},"branchMap":{"0":{"type":"branch","line":1,"loc":{"start":{"line":1,"column":3016},"end":{"line":129,"column":1}},"locations":[{"start":{"line":1,"column":3016},"end":{"line":129,"column":1}}]}},"b":{"0":[1]},"fnMap":{"0":{"name":"(empty-report)","decl":{"start":{"line":1,"column":3016},"end":{"line":129,"column":1}},"loc":{"start":{"line":1,"column":3016},"end":{"line":129,"column":1}},"line":1}},"f":{"0":1}}
,"/workspace/apps/web/src/utils/routePrefetchRegistry.ts": {"path":"/workspace/apps/web/src/utils/routePrefetchRegistry.ts","all":true,"statementMap":{"6":{"start":{"line":7,"column":0},"end":{"line":7,"column":81}},"7":{"start":{"line":8,"column":0},"end":{"line":8,"column":40}},"10":{"start":{"line":11,"column":0},"end":{"line":11,"column":22}},"11":{"start":{"line":12,"column":0},"end":{"line":12,"column":49}},"12":{"start":{"line":13,"column":0},"end":{"line":13,"column":53}},"13":{"start":{"line":14,"column":0},"end":{"line":14,"column":45}},"14":{"start":{"line":15,"column":0},"end":{"line":15,"column":49}},"15":{"start":{"line":16,"column":0},"end":{"line":16,"column":45}},"16":{"start":{"line":17,"column":0},"end":{"line":17,"column":47}},"17":{"start":{"line":18,"column":0},"end":{"line":18,"column":50}},"18":{"start":{"line":19,"column":0},"end":{"line":19,"column":39}},"19":{"start":{"line":20,"column":0},"end":{"line":20,"column":45}},"20":{"start":{"line":21,"column":0},"end":{"line":21,"column":43}},"21":{"start":{"line":22,"column":0},"end":{"line":22,"column":49}},"22":{"start":{"line":23,"column":0},"end":{"line":23,"column":2}},"25":{"start":{"line":26,"column":0},"end":{"line":26,"column":25}},"26":{"start":{"line":27,"column":0},"end":{"line":27,"column":44}},"27":{"start":{"line":28,"column":0},"end":{"line":28,"column":64}},"28":{"start":{"line":29,"column":0},"end":{"line":29,"column":17}},"29":{"start":{"line":30,"column":0},"end":{"line":30,"column":69}},"30":{"start":{"line":31,"column":0},"end":{"line":31,"column":41}},"31":{"start":{"line":32,"column":0},"end":{"line":32,"column":42}},"32":{"start":{"line":33,"column":0},"end":{"line":33,"column":48}},"33":{"start":{"line":34,"column":0},"end":{"line":34,"column":35}},"34":{"start":{"line":35,"column":0},"end":{"line":35,"column":40}},"35":{"start":{"line":36,"column":0},"end":{"line":36,"column":2}},"38":{"start":{"line":39,"column":0},"end":{"line":39,"column":43}},"40":{"start":{"line":41,"column":0},"end":{"line":41,"column":38}},"41":{"start":{"line":42,"column":0},"end":{"line":42,"column":33}},"42":{"start":{"line":43,"column":0},"end":{"line":43,"column":35}},"43":{"start":{"line":44,"column":0},"end":{"line":44,"column":5}},"44":{"start":{"line":45,"column":0},"end":{"line":45,"column":38}},"45":{"start":{"line":46,"column":0},"end":{"line":46,"column":33}},"46":{"start":{"line":47,"column":0},"end":{"line":47,"column":35}},"47":{"start":{"line":48,"column":0},"end":{"line":48,"column":5}},"48":{"start":{"line":49,"column":0},"end":{"line":49,"column":36}},"49":{"start":{"line":50,"column":0},"end":{"line":50,"column":31}},"50":{"start":{"line":51,"column":0},"end":{"line":51,"column":33}},"51":{"start":{"line":52,"column":0},"end":{"line":52,"column":5}},"52":{"start":{"line":53,"column":0},"end":{"line":53,"column":33}},"53":{"start":{"line":54,"column":0},"end":{"line":54,"column":28}},"54":{"start":{"line":55,"column":0},"end":{"line":55,"column":30}},"55":{"start":{"line":56,"column":0},"end":{"line":56,"column":5}},"57":{"start":{"line":58,"column":0},"end":{"line":58,"column":42}},"58":{"start":{"line":59,"column":0},"end":{"line":59,"column":35}},"59":{"start":{"line":60,"column":0},"end":{"line":60,"column":5}},"61":{"start":{"line":62,"column":0},"end":{"line":62,"column":54}},"62":{"start":{"line":63,"column":0},"end":{"line":63,"column":31}},"63":{"start":{"line":64,"column":0},"end":{"line":64,"column":5}},"66":{"start":{"line":67,"column":0},"end":{"line":67,"column":37}},"67":{"start":{"line":68,"column":0},"end":{"line":68,"column":17}},"68":{"start":{"line":69,"column":0},"end":{"line":69,"column":32}},"69":{"start":{"line":70,"column":0},"end":{"line":70,"column":34}},"70":{"start":{"line":71,"column":0},"end":{"line":71,"column":5}},"71":{"start":{"line":72,"column":0},"end":{"line":72,"column":35}},"72":{"start":{"line":73,"column":0},"end":{"line":73,"column":17}},"73":{"start":{"line":74,"column":0},"end":{"line":74,"column":30}},"74":{"start":{"line":75,"column":0},"end":{"line":75,"column":32}},"75":{"start":{"line":76,"column":0},"end":{"line":76,"column":5}},"76":{"start":{"line":77,"column":0},"end":{"line":77,"column":36}},"77":{"start":{"line":78,"column":0},"end":{"line":78,"column":17}},"78":{"start":{"line":79,"column":0},"end":{"line":79,"column":31}},"79":{"start":{"line":80,"column":0},"end":{"line":80,"column":33}},"80":{"start":{"line":81,"column":0},"end":{"line":81,"column":5}},"83":{"start":{"line":84,"column":0},"end":{"line":84,"column":22}},"84":{"start":{"line":85,"column":0},"end":{"line":85,"column":1}},"86":{"start":{"line":87,"column":0},"end":{"line":87,"column":69}}},"s":{"6":0,"7":0,"10":0,"11":0,"12":0,"13":0,"14":0,"15":0,"16":0,"17":0,"18":0,"19":0,"20":0,"21":0,"22":0,"25":0,"26":0,"27":0,"28":0,"29":0,"30":0,"31":0,"32":0,"33":0,"34":0,"35":0,"38":0,"40":0,"41":0,"42":0,"43":0,"44":0,"45":0,"46":0,"47":0,"48":0,"49":0,"50":0,"51":0,"52":0,"53":0,"54":0,"55":0,"57":0,"58":0,"59":0,"61":0,"62":0,"63":0,"66":0,"67":0,"68":0,"69":0,"70":0,"71":0,"72":0,"73":0,"74":0,"75":0,"76":0,"77":0,"78":0,"79":0,"80":0,"83":0,"84":0,"86":0},"branchMap":{"0":{"type":"branch","line":1,"loc":{"start":{"line":1,"column":2706},"end":{"line":87,"column":69}},"locations":[{"start":{"line":1,"column":2706},"end":{"line":87,"column":69}}]}},"b":{"0":[1]},"fnMap":{"0":{"name":"(empty-report)","decl":{"start":{"line":1,"column":2706},"end":{"line":87,"column":69}},"loc":{"start":{"line":1,"column":2706},"end":{"line":87,"column":69}},"line":1}},"f":{"0":1}}
,"/workspace/apps/web/src/utils/time.ts": {"path":"/workspace/apps/web/src/utils/time.ts","all":true,"statementMap":{"0":{"start":{"line":1,"column":0},"end":{"line":1,"column":67}},"1":{"start":{"line":2,"column":0},"end":{"line":2,"column":25}},"2":{"start":{"line":3,"column":0},"end":{"line":3,"column":74}},"3":{"start":{"line":4,"column":0},"end":{"line":4,"column":26}},"5":{"start":{"line":6,"column":0},"end":{"line":6,"column":28}},"6":{"start":{"line":7,"column":0},"end":{"line":7,"column":43}},"7":{"start":{"line":8,"column":0},"end":{"line":8,"column":31}},"8":{"start":{"line":9,"column":0},"end":{"line":9,"column":43}},"9":{"start":{"line":10,"column":0},"end":{"line":10,"column":41}},"10":{"start":{"line":11,"column":0},"end":{"line":11,"column":39}},"11":{"start":{"line":12,"column":0},"end":{"line":12,"column":38}},"12":{"start":{"line":13,"column":0},"end":{"line":13,"column":35}},"13":{"start":{"line":14,"column":0},"end":{"line":14,"column":52}},"14":{"start":{"line":15,"column":0},"end":{"line":15,"column":27}},"15":{"start":{"line":16,"column":0},"end":{"line":16,"column":47}},"16":{"start":{"line":17,"column":0},"end":{"line":17,"column":1}}},"s":{"0":0,"1":0,"2":0,"3":0,"5":0,"6":0,"7":0,"8":0,"9":0,"10":0,"11":0,"12":0,"13":0,"14":0,"15":0,"16":0},"branchMap":{"0":{"type":"branch","line":1,"loc":{"start":{"line":1,"column":633},"end":{"line":17,"column":1}},"locations":[{"start":{"line":1,"column":633},"end":{"line":17,"column":1}}]}},"b":{"0":[0]},"fnMap":{"0":{"name":"(empty-report)","decl":{"start":{"line":1,"column":633},"end":{"line":17,"column":1}},"loc":{"start":{"line":1,"column":633},"end":{"line":17,"column":1}},"line":1}},"f":{"0":0}}
}
